#
# There is insufficient memory for the Java Runtime Environment to continue.
# Native memory allocation (malloc) failed to allocate 1066976 bytes for Chunk::new
# Possible reasons:
#   The system is out of physical RAM or swap space
#   The process is running with CompressedOops enabled, and the Java Heap may be blocking the growth of the native heap
# Possible solutions:
#   Reduce memory load on the system
#   Increase physical memory or swap space
#   Check if swap backing store is full
#   Decrease Java heap size (-Xmx/-Xms)
#   Decrease number of Java threads
#   Decrease Java thread stack sizes (-Xss)
#   Set larger code cache with -XX:ReservedCodeCacheSize=
#   JVM is running with Unscaled Compressed Oops mode in which the Java heap is
#     placed in the first 4GB address space. The Java Heap base address is the
#     maximum limit for the native heap growth. Please use -XX:HeapBaseMinAddress
#     to set the Java Heap base and to place the Java Heap above 4GB virtual address.
# This output file may be truncated or incomplete.
#
#  Out of Memory Error (arena.cpp:189), pid=13904, tid=6120
#
# JRE version: Java(TM) SE Runtime Environment (17.0.3.1+2) (build 17.0.3.1+2-LTS-6)
# Java VM: Java HotSpot(TM) 64-Bit Server VM (17.0.3.1+2-LTS-6, mixed mode, sharing, tiered, compressed oops, compressed class ptrs, g1 gc, windows-amd64)
# No core dump will be written. Minidumps are not enabled by default on client versions of Windows
#

---------------  S U M M A R Y ------------

Command Line: -javaagent:C:\Program Files\JetBrains\IntelliJ IDEA Community Edition 2022.1.3\lib\idea_rt.jar=52545:C:\Program Files\JetBrains\IntelliJ IDEA Community Edition 2022.1.3\bin -Dfile.encoding=UTF-8 iis.iis.IisApplication

Host: AMD Ryzen 5 2500U with Radeon Vega Mobile Gfx  , 8 cores, 3G,  Windows 10 , 64 bit Build 19041 (10.0.19041.3636)
Time: Thu Apr 18 00:36:45 2024 Central Europe Daylight Time elapsed time: 48.281010 seconds (0d 0h 0m 48s)

---------------  T H R E A D  ---------------

Current thread (0x000001dd6736dd50):  JavaThread "C2 CompilerThread0" daemon [_thread_in_native, id=6120, stack(0x0000007962100000,0x0000007962200000)]


Current CompileTask:
C2:  48282 4098       4       jdk.internal.loader.BuiltinClassLoader::defineClass (121 bytes)

Stack: [0x0000007962100000,0x0000007962200000]
Native frames: (J=compiled Java code, j=interpreted, Vv=VM code, C=native code)
V  [jvm.dll+0x6711ba]
V  [jvm.dll+0x7d0834]
V  [jvm.dll+0x7d1fde]
V  [jvm.dll+0x7d2643]
V  [jvm.dll+0x242c85]
V  [jvm.dll+0xaa57b]
V  [jvm.dll+0xaab0c]
V  [jvm.dll+0x2a99df]
V  [jvm.dll+0x579889]
V  [jvm.dll+0x21defd]
V  [jvm.dll+0x21e2df]
V  [jvm.dll+0x217bb5]
V  [jvm.dll+0x21507b]
V  [jvm.dll+0x1a1c3d]
V  [jvm.dll+0x2249c8]
V  [jvm.dll+0x222b2c]
V  [jvm.dll+0x78650b]
V  [jvm.dll+0x780aca]
V  [jvm.dll+0x670045]
C  [ucrtbase.dll+0x21bb2]
C  [KERNEL32.DLL+0x17344]
C  [ntdll.dll+0x526b1]


---------------  P R O C E S S  ---------------

Threads class SMR info:
_java_thread_list=0x000001dd6915b340, length=19, elements={
0x000001dd4bc0f980, 0x000001dd673505e0, 0x000001dd67351360, 0x000001dd67364830,
0x000001dd673652f0, 0x000001dd67368460, 0x000001dd673694c0, 0x000001dd6736dd50,
0x000001dd67392720, 0x000001dd6739d800, 0x000001dd6733b040, 0x000001dd683fa680,
0x000001dd683fd9a0, 0x000001dd68ef0ca0, 0x000001dd6a5117d0, 0x000001dd685326b0,
0x000001dd6815b950, 0x000001dd6a574a60, 0x000001dd698affd0
}

Java Threads: ( => current thread )
  0x000001dd4bc0f980 JavaThread "main" [_thread_in_Java, id=4916, stack(0x0000007961400000,0x0000007961500000)]
  0x000001dd673505e0 JavaThread "Reference Handler" daemon [_thread_blocked, id=12056, stack(0x0000007961b00000,0x0000007961c00000)]
  0x000001dd67351360 JavaThread "Finalizer" daemon [_thread_blocked, id=11124, stack(0x0000007961c00000,0x0000007961d00000)]
  0x000001dd67364830 JavaThread "Signal Dispatcher" daemon [_thread_blocked, id=19188, stack(0x0000007961d00000,0x0000007961e00000)]
  0x000001dd673652f0 JavaThread "Attach Listener" daemon [_thread_blocked, id=3184, stack(0x0000007961e00000,0x0000007961f00000)]
  0x000001dd67368460 JavaThread "Service Thread" daemon [_thread_blocked, id=17448, stack(0x0000007961f00000,0x0000007962000000)]
  0x000001dd673694c0 JavaThread "Monitor Deflation Thread" daemon [_thread_blocked, id=10360, stack(0x0000007962000000,0x0000007962100000)]
=>0x000001dd6736dd50 JavaThread "C2 CompilerThread0" daemon [_thread_in_native, id=6120, stack(0x0000007962100000,0x0000007962200000)]
  0x000001dd67392720 JavaThread "C1 CompilerThread0" daemon [_thread_blocked, id=12424, stack(0x0000007962200000,0x0000007962300000)]
  0x000001dd6739d800 JavaThread "Sweeper thread" daemon [_thread_blocked, id=1212, stack(0x0000007962300000,0x0000007962400000)]
  0x000001dd6733b040 JavaThread "Common-Cleaner" daemon [_thread_blocked, id=17308, stack(0x0000007962400000,0x0000007962500000)]
  0x000001dd683fa680 JavaThread "Monitor Ctrl-Break" daemon [_thread_in_native, id=18156, stack(0x0000007962500000,0x0000007962600000)]
  0x000001dd683fd9a0 JavaThread "Notification Thread" daemon [_thread_blocked, id=12228, stack(0x0000007962600000,0x0000007962700000)]
  0x000001dd68ef0ca0 JavaThread "Catalina-utility-1" [_thread_blocked, id=18512, stack(0x0000007963000000,0x0000007963100000)]
  0x000001dd6a5117d0 JavaThread "Catalina-utility-2" [_thread_blocked, id=16084, stack(0x0000007963100000,0x0000007963200000)]
  0x000001dd685326b0 JavaThread "container-0" [_thread_blocked, id=10764, stack(0x0000007963200000,0x0000007963300000)]
  0x000001dd6815b950 JavaThread "PostgreSQL-JDBC-Cleaner" daemon [_thread_blocked, id=17708, stack(0x0000007963400000,0x0000007963500000)]
  0x000001dd6a574a60 JavaThread "HikariPool-1 housekeeper" daemon [_thread_blocked, id=19640, stack(0x0000007963500000,0x0000007963600000)]
  0x000001dd698affd0 JavaThread "HikariPool-1 connection adder" daemon [_thread_in_vm, id=20416, stack(0x0000007963600000,0x0000007963700000)]

Other Threads:
  0x000001dd67348a60 VMThread "VM Thread" [stack: 0x0000007961a00000,0x0000007961b00000] [id=2536]
  0x000001dd683fab50 WatcherThread [stack: 0x0000007962700000,0x0000007962800000] [id=9652]
  0x000001dd4bc4abe0 GCTaskThread "GC Thread#0" [stack: 0x0000007961500000,0x0000007961600000] [id=10244]
  0x000001dd68ac24e0 GCTaskThread "GC Thread#1" [stack: 0x0000007962800000,0x0000007962900000] [id=17524]
  0x000001dd68af6300 GCTaskThread "GC Thread#2" [stack: 0x0000007962900000,0x0000007962a00000] [id=1476]
  0x000001dd68af65b0 GCTaskThread "GC Thread#3" [stack: 0x0000007962a00000,0x0000007962b00000] [id=14784]
  0x000001dd68af6860 GCTaskThread "GC Thread#4" [stack: 0x0000007962b00000,0x0000007962c00000] [id=18620]
  0x000001dd68ae5350 GCTaskThread "GC Thread#5" [stack: 0x0000007962c00000,0x0000007962d00000] [id=18640]
  0x000001dd68eb6170 GCTaskThread "GC Thread#6" [stack: 0x0000007962e00000,0x0000007962f00000] [id=18004]
  0x000001dd68cb9800 GCTaskThread "GC Thread#7" [stack: 0x0000007962f00000,0x0000007963000000] [id=13708]
  0x000001dd4bc55c20 ConcurrentGCThread "G1 Main Marker" [stack: 0x0000007961600000,0x0000007961700000] [id=10464]
  0x000001dd4bc56540 ConcurrentGCThread "G1 Conc#0" [stack: 0x0000007961700000,0x0000007961800000] [id=15124]
  0x000001dd68e9d600 ConcurrentGCThread "G1 Conc#1" [stack: 0x0000007962d00000,0x0000007962e00000] [id=17620]
  0x000001dd4bccb8a0 ConcurrentGCThread "G1 Refine#0" [stack: 0x0000007961800000,0x0000007961900000] [id=1760]
  0x000001dd4bccc1d0 ConcurrentGCThread "G1 Service" [stack: 0x0000007961900000,0x0000007961a00000] [id=16396]

Threads with active compile tasks:
C2 CompilerThread0    48409 4098       4       jdk.internal.loader.BuiltinClassLoader::defineClass (121 bytes)

VM state: not at safepoint (normal execution)

VM Mutex/Monitor currently owned by a thread: None

Heap address: 0x00000000c7200000, size: 910 MB, Compressed Oops mode: 32-bit

CDS archive(s) mapped at: [0x0000000800000000-0x0000000800bc0000-0x0000000800bc0000), size 12320768, SharedBaseAddress: 0x0000000800000000, ArchiveRelocationMode: 0.
Compressed class space mapped at: 0x0000000800c00000-0x0000000840c00000, reserved size: 1073741824
Narrow klass base: 0x0000000800000000, Narrow klass shift: 0, Narrow klass range: 0x100000000

GC Precious Log:
 CPUs: 8 total, 8 available
 Memory: 3638M
 Large Page Support: Disabled
 NUMA Support: Disabled
 Compressed Oops: Enabled (32-bit)
 Heap Region Size: 1M
 Heap Min Capacity: 8M
 Heap Initial Capacity: 58M
 Heap Max Capacity: 910M
 Pre-touch: Disabled
 Parallel Workers: 8
 Concurrent Workers: 2
 Concurrent Refinement Workers: 8
 Periodic GC: Disabled

Heap:
 garbage-first heap   total 51200K, used 36431K [0x00000000c7200000, 0x0000000100000000)
  region size 1024K, 21 young (21504K), 2 survivors (2048K)
 Metaspace       used 40202K, committed 40640K, reserved 1089536K
  class space    used 5310K, committed 5504K, reserved 1048576K

Heap Regions: E=young(eden), S=young(survivor), O=old, HS=humongous(starts), HC=humongous(continues), CS=collection set, F=free, OA=open archive, CA=closed archive, TAMS=top-at-mark-start (previous, next)
|   0|0x00000000c7200000, 0x00000000c7300000, 0x00000000c7300000|100%|HS|  |TAMS 0x00000000c7300000, 0x00000000c7200000| Complete 
|   1|0x00000000c7300000, 0x00000000c7400000, 0x00000000c7400000|100%| O|  |TAMS 0x00000000c7400000, 0x00000000c7300000| Untracked 
|   2|0x00000000c7400000, 0x00000000c7500000, 0x00000000c7500000|100%| O|  |TAMS 0x00000000c7500000, 0x00000000c7400000| Untracked 
|   3|0x00000000c7500000, 0x00000000c7600000, 0x00000000c7600000|100%| O|  |TAMS 0x00000000c7600000, 0x00000000c7500000| Untracked 
|   4|0x00000000c7600000, 0x00000000c7700000, 0x00000000c7700000|100%| O|  |TAMS 0x00000000c7700000, 0x00000000c7600000| Untracked 
|   5|0x00000000c7700000, 0x00000000c7800000, 0x00000000c7800000|100%| O|  |TAMS 0x00000000c7800000, 0x00000000c7700000| Untracked 
|   6|0x00000000c7800000, 0x00000000c7900000, 0x00000000c7900000|100%| O|  |TAMS 0x00000000c7900000, 0x00000000c7800000| Untracked 
|   7|0x00000000c7900000, 0x00000000c7a00000, 0x00000000c7a00000|100%| O|  |TAMS 0x00000000c7a00000, 0x00000000c7900000| Untracked 
|   8|0x00000000c7a00000, 0x00000000c7b00000, 0x00000000c7b00000|100%| O|  |TAMS 0x00000000c7b00000, 0x00000000c7a00000| Untracked 
|   9|0x00000000c7b00000, 0x00000000c7c00000, 0x00000000c7c00000|100%| O|  |TAMS 0x00000000c7c00000, 0x00000000c7b00000| Untracked 
|  10|0x00000000c7c00000, 0x00000000c7c88800, 0x00000000c7d00000| 53%| O|  |TAMS 0x00000000c7c88800, 0x00000000c7c00000| Untracked 
|  11|0x00000000c7d00000, 0x00000000c7e00000, 0x00000000c7e00000|100%| O|  |TAMS 0x00000000c7e00000, 0x00000000c7d00000| Untracked 
|  12|0x00000000c7e00000, 0x00000000c7f00000, 0x00000000c7f00000|100%| O|  |TAMS 0x00000000c7f00000, 0x00000000c7e00000| Untracked 
|  13|0x00000000c7f00000, 0x00000000c8000000, 0x00000000c8000000|100%| O|  |TAMS 0x00000000c8000000, 0x00000000c7f00000| Untracked 
|  14|0x00000000c8000000, 0x00000000c8100000, 0x00000000c8100000|100%| O|  |TAMS 0x00000000c8100000, 0x00000000c8000000| Untracked 
|  15|0x00000000c8100000, 0x00000000c8200000, 0x00000000c8200000|100%| O|  |TAMS 0x00000000c8200000, 0x00000000c8100000| Untracked 
|  16|0x00000000c8200000, 0x00000000c8200000, 0x00000000c8300000|  0%| F|  |TAMS 0x00000000c8200000, 0x00000000c8200000| Untracked 
|  17|0x00000000c8300000, 0x00000000c8300000, 0x00000000c8400000|  0%| F|  |TAMS 0x00000000c8300000, 0x00000000c8300000| Untracked 
|  18|0x00000000c8400000, 0x00000000c8400000, 0x00000000c8500000|  0%| F|  |TAMS 0x00000000c8400000, 0x00000000c8400000| Untracked 
|  19|0x00000000c8500000, 0x00000000c8500000, 0x00000000c8600000|  0%| F|  |TAMS 0x00000000c8500000, 0x00000000c8500000| Untracked 
|  20|0x00000000c8600000, 0x00000000c861c400, 0x00000000c8700000| 11%| O|  |TAMS 0x00000000c861c400, 0x00000000c8600000| Untracked 
|  21|0x00000000c8700000, 0x00000000c8700000, 0x00000000c8800000|  0%| F|  |TAMS 0x00000000c8700000, 0x00000000c8700000| Untracked 
|  22|0x00000000c8800000, 0x00000000c8800000, 0x00000000c8900000|  0%| F|  |TAMS 0x00000000c8800000, 0x00000000c8800000| Untracked 
|  23|0x00000000c8900000, 0x00000000c8900000, 0x00000000c8a00000|  0%| F|  |TAMS 0x00000000c8900000, 0x00000000c8900000| Untracked 
|  24|0x00000000c8a00000, 0x00000000c8a00000, 0x00000000c8b00000|  0%| F|  |TAMS 0x00000000c8a00000, 0x00000000c8a00000| Untracked 
|  25|0x00000000c8b00000, 0x00000000c8b00000, 0x00000000c8c00000|  0%| F|  |TAMS 0x00000000c8b00000, 0x00000000c8b00000| Untracked 
|  26|0x00000000c8c00000, 0x00000000c8c00000, 0x00000000c8d00000|  0%| F|  |TAMS 0x00000000c8c00000, 0x00000000c8c00000| Untracked 
|  27|0x00000000c8d00000, 0x00000000c8d00000, 0x00000000c8e00000|  0%| F|  |TAMS 0x00000000c8d00000, 0x00000000c8d00000| Untracked 
|  28|0x00000000c8e00000, 0x00000000c8e00000, 0x00000000c8f00000|  0%| F|  |TAMS 0x00000000c8e00000, 0x00000000c8e00000| Untracked 
|  29|0x00000000c8f00000, 0x00000000c8f22ac0, 0x00000000c9000000| 13%| E|  |TAMS 0x00000000c8f00000, 0x00000000c8f00000| Complete 
|  30|0x00000000c9000000, 0x00000000c9100000, 0x00000000c9100000|100%| E|CS|TAMS 0x00000000c9000000, 0x00000000c9000000| Complete 
|  31|0x00000000c9100000, 0x00000000c9200000, 0x00000000c9200000|100%| E|CS|TAMS 0x00000000c9100000, 0x00000000c9100000| Complete 
|  32|0x00000000c9200000, 0x00000000c9300000, 0x00000000c9300000|100%| E|CS|TAMS 0x00000000c9200000, 0x00000000c9200000| Complete 
|  33|0x00000000c9300000, 0x00000000c93ef2b8, 0x00000000c9400000| 93%| S|CS|TAMS 0x00000000c9300000, 0x00000000c9300000| Complete 
|  34|0x00000000c9400000, 0x00000000c9500000, 0x00000000c9500000|100%| S|CS|TAMS 0x00000000c9400000, 0x00000000c9400000| Complete 
|  35|0x00000000c9500000, 0x00000000c9600000, 0x00000000c9600000|100%| E|CS|TAMS 0x00000000c9500000, 0x00000000c9500000| Complete 
|  36|0x00000000c9600000, 0x00000000c9700000, 0x00000000c9700000|100%| E|CS|TAMS 0x00000000c9600000, 0x00000000c9600000| Complete 
|  37|0x00000000c9700000, 0x00000000c9800000, 0x00000000c9800000|100%| E|CS|TAMS 0x00000000c9700000, 0x00000000c9700000| Complete 
|  38|0x00000000c9800000, 0x00000000c9900000, 0x00000000c9900000|100%| E|CS|TAMS 0x00000000c9800000, 0x00000000c9800000| Complete 
|  39|0x00000000c9900000, 0x00000000c9a00000, 0x00000000c9a00000|100%| E|CS|TAMS 0x00000000c9900000, 0x00000000c9900000| Complete 
|  40|0x00000000c9a00000, 0x00000000c9b00000, 0x00000000c9b00000|100%| E|CS|TAMS 0x00000000c9a00000, 0x00000000c9a00000| Complete 
|  41|0x00000000c9b00000, 0x00000000c9c00000, 0x00000000c9c00000|100%| E|CS|TAMS 0x00000000c9b00000, 0x00000000c9b00000| Complete 
|  42|0x00000000c9c00000, 0x00000000c9d00000, 0x00000000c9d00000|100%| E|CS|TAMS 0x00000000c9c00000, 0x00000000c9c00000| Complete 
|  43|0x00000000c9d00000, 0x00000000c9e00000, 0x00000000c9e00000|100%| E|CS|TAMS 0x00000000c9d00000, 0x00000000c9d00000| Complete 
|  44|0x00000000c9e00000, 0x00000000c9f00000, 0x00000000c9f00000|100%| E|CS|TAMS 0x00000000c9e00000, 0x00000000c9e00000| Complete 
|  45|0x00000000c9f00000, 0x00000000ca000000, 0x00000000ca000000|100%| E|CS|TAMS 0x00000000c9f00000, 0x00000000c9f00000| Complete 
|  50|0x00000000ca400000, 0x00000000ca500000, 0x00000000ca500000|100%| E|CS|TAMS 0x00000000ca400000, 0x00000000ca400000| Complete 
|  51|0x00000000ca500000, 0x00000000ca600000, 0x00000000ca600000|100%| E|CS|TAMS 0x00000000ca500000, 0x00000000ca500000| Complete 
|  52|0x00000000ca600000, 0x00000000ca700000, 0x00000000ca700000|100%| E|CS|TAMS 0x00000000ca600000, 0x00000000ca600000| Complete 
|  57|0x00000000cab00000, 0x00000000cac00000, 0x00000000cac00000|100%| E|CS|TAMS 0x00000000cab00000, 0x00000000cab00000| Complete 

Card table byte_map: [0x000001dd62980000,0x000001dd62b50000] _byte_map_base: 0x000001dd62347000

Marking Bits (Prev, Next): (CMBitMap*) 0x000001dd4bc4c110, (CMBitMap*) 0x000001dd4bc4c150
 Prev Bits: [0x000001dd62d20000, 0x000001dd63b58000)
 Next Bits: [0x000001dd63b60000, 0x000001dd64998000)

Polling page: 0x000001dd4b3e0000

Metaspace:

Usage:
  Non-class:     34.08 MB used.
      Class:      5.19 MB used.
       Both:     39.27 MB used.

Virtual space:
  Non-class space:       40.00 MB reserved,      34.31 MB ( 86%) committed,  5 nodes.
      Class space:        1.00 GB reserved,       5.38 MB ( <1%) committed,  1 nodes.
             Both:        1.04 GB reserved,      39.69 MB (  4%) committed. 

Chunk freelists:
   Non-Class:  1.42 MB
       Class:  2.66 MB
        Both:  4.08 MB

MaxMetaspaceSize: unlimited
CompressedClassSpaceSize: 1.00 GB
Initial GC threshold: 21.00 MB
Current GC threshold: 59.00 MB
CDS: on
MetaspaceReclaimPolicy: balanced
 - commit_granule_bytes: 65536.
 - commit_granule_words: 8192.
 - virtual_space_node_default_size: 1048576.
 - enlarge_chunks_in_place: 1.
 - new_chunks_are_fully_committed: 0.
 - uncommit_free_chunks: 1.
 - use_allocation_guard: 0.
 - handle_deallocations: 1.


Internal statistics:

num_allocs_failed_limit: 6.
num_arena_births: 562.
num_arena_deaths: 0.
num_vsnodes_births: 6.
num_vsnodes_deaths: 0.
num_space_committed: 635.
num_space_uncommitted: 0.
num_chunks_returned_to_freelist: 6.
num_chunks_taken_from_freelist: 2016.
num_chunk_merges: 6.
num_chunk_splits: 1424.
num_chunks_enlarged: 1082.
num_purges: 0.
num_inconsistent_stats: 0.

CodeHeap 'non-profiled nmethods': size=120000Kb used=2312Kb max_used=2312Kb free=117687Kb
 bounds [0x000001dd5af50000, 0x000001dd5b1c0000, 0x000001dd62480000]
CodeHeap 'profiled nmethods': size=120000Kb used=8649Kb max_used=8649Kb free=111350Kb
 bounds [0x000001dd53a20000, 0x000001dd542a0000, 0x000001dd5af50000]
CodeHeap 'non-nmethods': size=5760Kb used=1248Kb max_used=1292Kb free=4511Kb
 bounds [0x000001dd53480000, 0x000001dd536f0000, 0x000001dd53a20000]
 total_blobs=4638 nmethods=4080 adapters=470
 compilation: enabled
              stopped_count=0, restarted_count=0
 full_count=0

Compilation events (20 events):
Event: 48.196 Thread 0x000001dd67392720 nmethod 4113 0x000001dd5427f390 code [0x000001dd5427f560, 0x000001dd5427f9e8]
Event: 48.196 Thread 0x000001dd67392720 4114       3       org.hibernate.annotations.common.reflection.java.JavaReflectionManager::buildAnnotationReader (11 bytes)
Event: 48.197 Thread 0x000001dd67392720 nmethod 4114 0x000001dd5427fb90 code [0x000001dd5427fd60, 0x000001dd54280168]
Event: 48.223 Thread 0x000001dd67392720 4115       3       org.jboss.logging.Slf4jLocationAwareLogger::isEnabled (114 bytes)
Event: 48.224 Thread 0x000001dd67392720 nmethod 4115 0x000001dd54280310 code [0x000001dd542805a0, 0x000001dd54280eb8]
Event: 48.250 Thread 0x000001dd67392720 4116       3       org.hibernate.boot.model.internal.JPAXMLOverriddenMetadataProvider::getAnnotationReader (92 bytes)
Event: 48.251 Thread 0x000001dd67392720 nmethod 4116 0x000001dd54281290 code [0x000001dd542814e0, 0x000001dd54281dd8]
Event: 48.256 Thread 0x000001dd67392720 4117       3       org.hibernate.annotations.common.reflection.java.JavaXAnnotatedElement::isAnnotationPresent (11 bytes)
Event: 48.257 Thread 0x000001dd67392720 nmethod 4117 0x000001dd54282090 code [0x000001dd54282280, 0x000001dd542828f8]
Event: 48.257 Thread 0x000001dd67392720 4118       3       org.hibernate.annotations.common.reflection.java.JavaAnnotationReader::isAnnotationPresent (11 bytes)
Event: 48.257 Thread 0x000001dd67392720 nmethod 4118 0x000001dd54282b90 code [0x000001dd54282d40, 0x000001dd54282f08]
Event: 48.257 Thread 0x000001dd67392720 4119       3       java.util.stream.StreamSpliterators$WrappingSpliterator::tryAdvance (36 bytes)
Event: 48.258 Thread 0x000001dd67392720 nmethod 4119 0x000001dd54283010 code [0x000001dd54283200, 0x000001dd54283778]
Event: 48.258 Thread 0x000001dd67392720 4120       3       java.util.stream.StreamSpliterators$AbstractWrappingSpliterator::doAdvance (106 bytes)
Event: 48.259 Thread 0x000001dd67392720 nmethod 4120 0x000001dd54283910 code [0x000001dd54283b60, 0x000001dd54284628]
Event: 48.259 Thread 0x000001dd67392720 4121       3       org.hibernate.annotations.common.reflection.java.JavaXMember::isAnnotationPresent (6 bytes)
Event: 48.260 Thread 0x000001dd67392720 nmethod 4121 0x000001dd54284890 code [0x000001dd54284aa0, 0x000001dd54285178]
Event: 48.260 Thread 0x000001dd67392720 4122       1       org.hibernate.boot.internal.MetadataBuildingContextRootImpl::getMetadataCollector (5 bytes)
Event: 48.260 Thread 0x000001dd67392720 nmethod 4122 0x000001dd5b190e90 code [0x000001dd5b191020, 0x000001dd5b1910f8]
Event: 48.260 Thread 0x000001dd67392720 4123       3       org.hibernate.annotations.common.reflection.java.JavaXAnnotatedElement::getAnnotation (11 bytes)

GC Heap History (16 events):
Event: 3.226 GC heap before
{Heap before GC invocations=0 (full 0):
 garbage-first heap   total 59392K, used 24576K [0x00000000c7200000, 0x0000000100000000)
  region size 1024K, 23 young (23552K), 0 survivors (0K)
 Metaspace       used 6401K, committed 6592K, reserved 1056768K
  class space    used 768K, committed 896K, reserved 1048576K
}
Event: 3.237 GC heap after
{Heap after GC invocations=1 (full 0):
 garbage-first heap   total 59392K, used 6727K [0x00000000c7200000, 0x0000000100000000)
  region size 1024K, 3 young (3072K), 3 survivors (3072K)
 Metaspace       used 6401K, committed 6592K, reserved 1056768K
  class space    used 768K, committed 896K, reserved 1048576K
}
Event: 4.713 GC heap before
{Heap before GC invocations=1 (full 0):
 garbage-first heap   total 59392K, used 29255K [0x00000000c7200000, 0x0000000100000000)
  region size 1024K, 25 young (25600K), 3 survivors (3072K)
 Metaspace       used 12103K, committed 12352K, reserved 1064960K
  class space    used 1453K, committed 1536K, reserved 1048576K
}
Event: 4.721 GC heap after
{Heap after GC invocations=2 (full 0):
 garbage-first heap   total 59392K, used 8739K [0x00000000c7200000, 0x0000000100000000)
  region size 1024K, 2 young (2048K), 2 survivors (2048K)
 Metaspace       used 12103K, committed 12352K, reserved 1064960K
  class space    used 1453K, committed 1536K, reserved 1048576K
}
Event: 6.721 GC heap before
{Heap before GC invocations=2 (full 0):
 garbage-first heap   total 59392K, used 32291K [0x00000000c7200000, 0x0000000100000000)
  region size 1024K, 25 young (25600K), 2 survivors (2048K)
 Metaspace       used 17249K, committed 17536K, reserved 1064960K
  class space    used 2122K, committed 2240K, reserved 1048576K
}
Event: 6.730 GC heap after
{Heap after GC invocations=3 (full 0):
 garbage-first heap   total 59392K, used 11264K [0x00000000c7200000, 0x0000000100000000)
  region size 1024K, 4 young (4096K), 4 survivors (4096K)
 Metaspace       used 17249K, committed 17536K, reserved 1064960K
  class space    used 2122K, committed 2240K, reserved 1048576K
}
Event: 20.168 GC heap before
{Heap before GC invocations=3 (full 0):
 garbage-first heap   total 59392K, used 36864K [0x00000000c7200000, 0x0000000100000000)
  region size 1024K, 29 young (29696K), 4 survivors (4096K)
 Metaspace       used 20669K, committed 20928K, reserved 1073152K
  class space    used 2562K, committed 2688K, reserved 1048576K
}
Event: 20.182 GC heap after
{Heap after GC invocations=4 (full 0):
 garbage-first heap   total 59392K, used 12834K [0x00000000c7200000, 0x0000000100000000)
  region size 1024K, 2 young (2048K), 2 survivors (2048K)
 Metaspace       used 20669K, committed 20928K, reserved 1073152K
  class space    used 2562K, committed 2688K, reserved 1048576K
}
Event: 22.812 GC heap before
{Heap before GC invocations=4 (full 0):
 garbage-first heap   total 59392K, used 16930K [0x00000000c7200000, 0x0000000100000000)
  region size 1024K, 7 young (7168K), 2 survivors (2048K)
 Metaspace       used 21273K, committed 21504K, reserved 1073152K
  class space    used 2656K, committed 2752K, reserved 1048576K
}
Event: 22.826 GC heap after
{Heap after GC invocations=5 (full 0):
 garbage-first heap   total 59392K, used 13520K [0x00000000c7200000, 0x0000000100000000)
  region size 1024K, 3 young (3072K), 3 survivors (3072K)
 Metaspace       used 21273K, committed 21504K, reserved 1073152K
  class space    used 2656K, committed 2752K, reserved 1048576K
}
Event: 27.749 GC heap before
{Heap before GC invocations=6 (full 0):
 garbage-first heap   total 51200K, used 40144K [0x00000000c7200000, 0x0000000100000000)
  region size 1024K, 30 young (30720K), 3 survivors (3072K)
 Metaspace       used 27266K, committed 27712K, reserved 1073152K
  class space    used 3463K, committed 3648K, reserved 1048576K
}
Event: 27.767 GC heap after
{Heap after GC invocations=7 (full 0):
 garbage-first heap   total 51200K, used 16138K [0x00000000c7200000, 0x0000000100000000)
  region size 1024K, 4 young (4096K), 4 survivors (4096K)
 Metaspace       used 27266K, committed 27712K, reserved 1073152K
  class space    used 3463K, committed 3648K, reserved 1048576K
}
Event: 30.689 GC heap before
{Heap before GC invocations=7 (full 0):
 garbage-first heap   total 51200K, used 35594K [0x00000000c7200000, 0x0000000100000000)
  region size 1024K, 24 young (24576K), 4 survivors (4096K)
 Metaspace       used 31651K, committed 32128K, reserved 1081344K
  class space    used 4106K, committed 4352K, reserved 1048576K
}
Event: 30.728 GC heap after
{Heap after GC invocations=8 (full 0):
 garbage-first heap   total 51200K, used 17417K [0x00000000c7200000, 0x0000000100000000)
  region size 1024K, 2 young (2048K), 2 survivors (2048K)
 Metaspace       used 31651K, committed 32128K, reserved 1081344K
  class space    used 4106K, committed 4352K, reserved 1048576K
}
Event: 45.966 GC heap before
{Heap before GC invocations=8 (full 0):
 garbage-first heap   total 51200K, used 31753K [0x00000000c7200000, 0x0000000100000000)
  region size 1024K, 17 young (17408K), 2 survivors (2048K)
 Metaspace       used 35688K, committed 36096K, reserved 1081344K
  class space    used 4713K, committed 4928K, reserved 1048576K
}
Event: 45.972 GC heap after
{Heap after GC invocations=9 (full 0):
 garbage-first heap   total 51200K, used 17999K [0x00000000c7200000, 0x0000000100000000)
  region size 1024K, 2 young (2048K), 2 survivors (2048K)
 Metaspace       used 35688K, committed 36096K, reserved 1081344K
  class space    used 4713K, committed 4928K, reserved 1048576K
}

Deoptimization events (20 events):
Event: 46.065 Thread 0x000001dd4bc0f980 DEOPT PACKING pc=0x000001dd5b113438 sp=0x00000079614fd4f0
Event: 46.065 Thread 0x000001dd4bc0f980 DEOPT UNPACKING pc=0x000001dd534d23a3 sp=0x00000079614fd468 mode 2
Event: 46.069 Thread 0x000001dd4bc0f980 Uncommon trap: trap_request=0xffffff45 fr.pc=0x000001dd5afa8b04 relative=0x0000000000000084
Event: 46.069 Thread 0x000001dd4bc0f980 Uncommon trap: reason=unstable_if action=reinterpret pc=0x000001dd5afa8b04 method=java.lang.CharacterDataLatin1.isWhitespace(I)Z @ 14 c2
Event: 46.069 Thread 0x000001dd4bc0f980 DEOPT PACKING pc=0x000001dd5afa8b04 sp=0x00000079614fd350
Event: 46.069 Thread 0x000001dd4bc0f980 DEOPT UNPACKING pc=0x000001dd534d23a3 sp=0x00000079614fd2c0 mode 2
Event: 46.241 Thread 0x000001dd4bc0f980 Uncommon trap: trap_request=0xffffff45 fr.pc=0x000001dd5b0a1734 relative=0x0000000000000294
Event: 46.241 Thread 0x000001dd4bc0f980 Uncommon trap: reason=unstable_if action=reinterpret pc=0x000001dd5b0a1734 method=java.lang.Integer.getChars(II[B)I @ 4 c2
Event: 46.241 Thread 0x000001dd4bc0f980 DEOPT PACKING pc=0x000001dd5b0a1734 sp=0x00000079614fc8c0
Event: 46.241 Thread 0x000001dd4bc0f980 DEOPT UNPACKING pc=0x000001dd534d23a3 sp=0x00000079614fc850 mode 2
Event: 46.958 Thread 0x000001dd698affd0 Uncommon trap: trap_request=0xffffff45 fr.pc=0x000001dd5b176204 relative=0x00000000000009a4
Event: 46.958 Thread 0x000001dd698affd0 Uncommon trap: reason=unstable_if action=reinterpret pc=0x000001dd5b176204 method=sun.security.provider.SHA2.implReset()V @ 8 c2
Event: 46.958 Thread 0x000001dd698affd0 DEOPT PACKING pc=0x000001dd5b176204 sp=0x00000079636fe4e0
Event: 46.958 Thread 0x000001dd698affd0 DEOPT UNPACKING pc=0x000001dd534d23a3 sp=0x00000079636fe418 mode 2
Event: 46.961 Thread 0x000001dd698affd0 DEOPT PACKING pc=0x000001dd5424d303 sp=0x00000079636fe7a0
Event: 46.961 Thread 0x000001dd698affd0 DEOPT UNPACKING pc=0x000001dd534d2b43 sp=0x00000079636fdc78 mode 0
Event: 46.961 Thread 0x000001dd698affd0 Uncommon trap: trap_request=0xffffff45 fr.pc=0x000001dd5b16e1a4 relative=0x000000000000a364
Event: 46.961 Thread 0x000001dd698affd0 Uncommon trap: reason=unstable_if action=reinterpret pc=0x000001dd5b16e1a4 method=sun.security.provider.SHA2.implReset()V @ 8 c2
Event: 46.961 Thread 0x000001dd698affd0 DEOPT PACKING pc=0x000001dd5b16e1a4 sp=0x00000079636fe720
Event: 46.961 Thread 0x000001dd698affd0 DEOPT UNPACKING pc=0x000001dd534d23a3 sp=0x00000079636fe480 mode 2

Classes unloaded (0 events):
No events

Classes redefined (0 events):
No events

Internal exceptions (20 events):
Event: 24.759 Thread 0x000001dd4bc0f980 Exception <a 'java/lang/NoSuchMethodError'{0x00000000c922a2c8}: 'void java.lang.invoke.DirectMethodHandle$Holder.invokeStatic(java.lang.Object, java.lang.Object, java.lang.Object, int, java.lang.Object)'> (0x00000000c922a2c8) 
thrown [t:\workspace\open\src\hotspot\share\interpreter\linkResolver.cpp, line 766]
Event: 24.760 Thread 0x000001dd4bc0f980 Exception <a 'java/lang/NoSuchMethodError'{0x00000000c9231748}: 'java.lang.Object java.lang.invoke.DirectMethodHandle$Holder.newInvokeSpecial(java.lang.Object, java.lang.Object, java.lang.Object, int)'> (0x00000000c9231748) 
thrown [t:\workspace\open\src\hotspot\share\interpreter\linkResolver.cpp, line 766]
Event: 24.760 Thread 0x000001dd4bc0f980 Exception <a 'java/lang/NoSuchMethodError'{0x00000000c9235a30}: 'java.lang.Object java.lang.invoke.DirectMethodHandle$Holder.invokeSpecial(java.lang.Object, java.lang.Object, java.lang.Object, java.lang.Object, int)'> (0x00000000c9235a30) 
thrown [t:\workspace\open\src\hotspot\share\interpreter\linkResolver.cpp, line 766]
Event: 24.761 Thread 0x000001dd4bc0f980 Exception <a 'java/lang/NoSuchMethodError'{0x00000000c92395f8}: 'java.lang.Object java.lang.invoke.Invokers$Holder.linkToTargetMethod(java.lang.Object, java.lang.Object, int, java.lang.Object)'> (0x00000000c92395f8) 
thrown [t:\workspace\open\src\hotspot\share\interpreter\linkResolver.cpp, line 766]
Event: 25.445 Thread 0x000001dd4bc0f980 Exception <a 'java/lang/NoSuchMethodError'{0x00000000c8e059b8}: 'java.lang.Object java.lang.invoke.DirectMethodHandle$Holder.invokeStaticInit(java.lang.Object, int, int, int, int)'> (0x00000000c8e059b8) 
thrown [t:\workspace\open\src\hotspot\share\interpreter\linkResolver.cpp, line 766]
Event: 27.059 Thread 0x000001dd4bc0f980 Exception <a 'java/lang/NoSuchMethodError'{0x00000000c8e6e9a8}: 'java.lang.Object java.lang.invoke.DirectMethodHandle$Holder.invokeStaticInit(java.lang.Object, java.lang.Object, int, int, int, int)'> (0x00000000c8e6e9a8) 
thrown [t:\workspace\open\src\hotspot\share\interpreter\linkResolver.cpp, line 766]
Event: 27.427 Thread 0x000001dd4bc0f980 Exception <a 'java/lang/NoSuchMethodError'{0x00000000c893dd48}: 'java.lang.Object java.lang.invoke.DirectMethodHandle$Holder.invokeSpecial(java.lang.Object, java.lang.Object, long, java.lang.Object, java.lang.Object, java.lang.Object, java.lang.Object, java.lang.Object, java.lang.Object)'> (0x00000000c893dd48) 
thrown [t:\workspace\open\src\hotspot\share\interpreter\linkResolver.cpp, line 766]
Event: 27.429 Thread 0x000001dd4bc0f980 Exception <a 'java/lang/NoSuchMethodError'{0x00000000c8942870}: 'java.lang.Object java.lang.invoke.DelegatingMethodHandle$Holder.reinvoke_L(java.lang.Object, long, java.lang.Object, java.lang.Object, java.lang.Object, java.lang.Object, java.lang.Object, java.lang.Object)'> (0x00000000c8942870) 
thrown [t:\workspace\open\src\hotspot\share\interpreter\linkResolver.cpp, line 766]
Event: 27.509 Thread 0x000001dd4bc0f980 Implicit null exception at 0x000001dd5b010e04 to 0x000001dd5b013b18
Event: 27.591 Thread 0x000001dd4bc0f980 Exception <a 'java/io/FileNotFoundException'{0x00000000c8899508}> (0x00000000c8899508) 
thrown [t:\workspace\open\src\hotspot\share\prims\jni.cpp, line 516]
Event: 27.705 Thread 0x000001dd4bc0f980 Exception <a 'java/lang/NoSuchMethodError'{0x00000000c8630208}: 'int java.lang.invoke.DirectMethodHandle$Holder.invokeInterface(java.lang.Object, java.lang.Object, java.lang.Object, java.lang.Object)'> (0x00000000c8630208) 
thrown [t:\workspace\open\src\hotspot\share\interpreter\linkResolver.cpp, line 766]
Event: 27.863 Thread 0x000001dd4bc0f980 Exception <a 'java/lang/NoSuchMethodError'{0x00000000ca619040}: 'long java.lang.invoke.DirectMethodHandle$Holder.invokeVirtual(java.lang.Object, java.lang.Object)'> (0x00000000ca619040) 
thrown [t:\workspace\open\src\hotspot\share\interpreter\linkResolver.cpp, line 766]
Event: 28.299 Thread 0x000001dd4bc0f980 Exception <a 'sun/nio/fs/WindowsException'{0x00000000c9c4a638}> (0x00000000c9c4a638) 
thrown [t:\workspace\open\src\hotspot\share\prims\jni.cpp, line 516]
Event: 35.331 Thread 0x000001dd4bc0f980 Exception <a 'java/lang/NoSuchMethodError'{0x00000000c9aa6a58}: 'int java.lang.invoke.DirectMethodHandle$Holder.invokeStatic(java.lang.Object)'> (0x00000000c9aa6a58) 
thrown [t:\workspace\open\src\hotspot\share\interpreter\linkResolver.cpp, line 766]
Event: 37.778 Thread 0x000001dd4bc0f980 Exception <a 'java/lang/NoSuchMethodError'{0x00000000c99c41b8}: 'int java.lang.invoke.DirectMethodHandle$Holder.invokeStaticInit(java.lang.Object, java.lang.Object, java.lang.Object, java.lang.Object)'> (0x00000000c99c41b8) 
thrown [t:\workspace\open\src\hotspot\share\interpreter\linkResolver.cpp, line 766]
Event: 45.603 Thread 0x000001dd4bc0f980 Exception <a 'sun/nio/fs/WindowsException'{0x00000000c9617be0}> (0x00000000c9617be0) 
thrown [t:\workspace\open\src\hotspot\share\prims\jni.cpp, line 516]
Event: 46.065 Thread 0x000001dd4bc0f980 Implicit null exception at 0x000001dd5b11336c to 0x000001dd5b11341c
Event: 46.922 Thread 0x000001dd4bc0f980 Exception <a 'java/lang/NoSuchMethodError'{0x00000000c9d03268}: 'java.lang.Object java.lang.invoke.DirectMethodHandle$Holder.invokeStaticInit(java.lang.Object, java.lang.Object, java.lang.Object, java.lang.Object)'> (0x00000000c9d03268) 
thrown [t:\workspace\open\src\hotspot\share\interpreter\linkResolver.cpp, line 766]
Event: 46.958 Thread 0x000001dd698affd0 Implicit null exception at 0x000001dd5b175931 to 0x000001dd5b1761d0
Event: 46.961 Thread 0x000001dd698affd0 Implicit null exception at 0x000001dd5b16447c to 0x000001dd5b16e0f4

VM Operations (20 events):
Event: 44.074 Executing VM operation: Cleanup
Event: 44.074 Executing VM operation: Cleanup done
Event: 45.577 Executing VM operation: HandshakeAllThreads
Event: 45.577 Executing VM operation: HandshakeAllThreads done
Event: 45.617 Executing VM operation: HandshakeAllThreads
Event: 45.617 Executing VM operation: HandshakeAllThreads done
Event: 45.658 Executing VM operation: HandshakeAllThreads
Event: 45.658 Executing VM operation: HandshakeAllThreads done
Event: 45.658 Executing VM operation: Cleanup
Event: 45.658 Executing VM operation: Cleanup done
Event: 45.966 Executing VM operation: CollectForMetadataAllocation
Event: 45.972 Executing VM operation: CollectForMetadataAllocation done
Event: 46.011 Executing VM operation: G1Concurrent
Event: 46.017 Executing VM operation: G1Concurrent done
Event: 46.027 Executing VM operation: G1Concurrent
Event: 46.027 Executing VM operation: G1Concurrent done
Event: 47.034 Executing VM operation: Cleanup
Event: 47.034 Executing VM operation: Cleanup done
Event: 48.045 Executing VM operation: Cleanup
Event: 48.046 Executing VM operation: Cleanup done

Events (20 events):
Event: 46.643 loading class java/util/regex/Pattern$BnM
Event: 46.645 loading class java/util/regex/Pattern$BnM done
Event: 46.776 loading class java/util/regex/Pattern$1MatcherIterator
Event: 46.777 loading class java/util/regex/Pattern$1MatcherIterator done
Event: 46.964 loading class jdk/internal/reflect/UnsafeQualifiedStaticIntegerFieldAccessorImpl
Event: 46.965 loading class jdk/internal/reflect/UnsafeQualifiedStaticFieldAccessorImpl
Event: 46.966 loading class jdk/internal/reflect/UnsafeQualifiedStaticFieldAccessorImpl done
Event: 46.966 loading class jdk/internal/reflect/UnsafeQualifiedStaticIntegerFieldAccessorImpl done
Event: 47.699 loading class jdk/internal/vm/VMSupport
Event: 47.724 loading class jdk/internal/vm/VMSupport done
Event: 47.728 loading class sun/nio/cs/ISO_8859_1$Encoder
Event: 47.729 loading class sun/nio/cs/ISO_8859_1$Encoder done
Event: 47.729 loading class sun/nio/cs/Surrogate$Parser
Event: 47.730 loading class sun/nio/cs/Surrogate$Parser done
Event: 47.730 loading class sun/nio/cs/Surrogate
Event: 47.730 loading class sun/nio/cs/Surrogate done
Event: 48.141 loading class java/util/regex/Pattern$SliceS
Event: 48.141 loading class java/util/regex/Pattern$SliceS done
Event: 48.157 loading class jdk/internal/ValueBased
Event: 48.159 loading class jdk/internal/ValueBased done


Dynamic libraries:
0x00007ff7469e0000 - 0x00007ff7469f0000 	C:\Program Files\Java\jdk-17.0.3.1\bin\java.exe
0x00007ffc0e3f0000 - 0x00007ffc0e5e8000 	C:\Windows\SYSTEM32\ntdll.dll
0x00007ffc0df90000 - 0x00007ffc0e04d000 	C:\Windows\System32\KERNEL32.DLL
0x00007ffc0be40000 - 0x00007ffc0c136000 	C:\Windows\System32\KERNELBASE.dll
0x00007ffc0baa0000 - 0x00007ffc0bba0000 	C:\Windows\System32\ucrtbase.dll
0x00007ffc05ef0000 - 0x00007ffc05f0a000 	C:\Program Files\Java\jdk-17.0.3.1\bin\VCRUNTIME140.dll
0x00007ffc06aa0000 - 0x00007ffc06ab8000 	C:\Program Files\Java\jdk-17.0.3.1\bin\jli.dll
0x00007ffc0cbc0000 - 0x00007ffc0cc70000 	C:\Windows\System32\ADVAPI32.dll
0x00007ffc0d0d0000 - 0x00007ffc0d16e000 	C:\Windows\System32\msvcrt.dll
0x00007ffc0ce20000 - 0x00007ffc0cec0000 	C:\Windows\System32\sechost.dll
0x00007ffc0c540000 - 0x00007ffc0c663000 	C:\Windows\System32\RPCRT4.dll
0x00007ffc0c290000 - 0x00007ffc0c2b7000 	C:\Windows\System32\bcrypt.dll
0x00007ffc0cc80000 - 0x00007ffc0ce1f000 	C:\Windows\System32\USER32.dll
0x00007ffbe1d90000 - 0x00007ffbe202a000 	C:\Windows\WinSxS\amd64_microsoft.windows.common-controls_6595b64144ccf1df_6.0.19041.3636_none_60b6a03d71f818d5\COMCTL32.dll
0x00007ffc0c140000 - 0x00007ffc0c162000 	C:\Windows\System32\win32u.dll
0x00007ffc0e190000 - 0x00007ffc0e1bb000 	C:\Windows\System32\GDI32.dll
0x00007ffc0c170000 - 0x00007ffc0c287000 	C:\Windows\System32\gdi32full.dll
0x00007ffc00990000 - 0x00007ffc0099a000 	C:\Windows\SYSTEM32\VERSION.dll
0x00007ffc0bc50000 - 0x00007ffc0bced000 	C:\Windows\System32\msvcp_win.dll
0x00007ffc0dbf0000 - 0x00007ffc0dc22000 	C:\Windows\System32\IMM32.DLL
0x00007ffc068a0000 - 0x00007ffc068ac000 	C:\Program Files\Java\jdk-17.0.3.1\bin\vcruntime140_1.dll
0x00007ffbc24b0000 - 0x00007ffbc253d000 	C:\Program Files\Java\jdk-17.0.3.1\bin\msvcp140.dll
0x00007ffbbd3f0000 - 0x00007ffbbdfb0000 	C:\Program Files\Java\jdk-17.0.3.1\bin\server\jvm.dll
0x00007ffc0d0c0000 - 0x00007ffc0d0c8000 	C:\Windows\System32\PSAPI.DLL
0x00007ffbe7b40000 - 0x00007ffbe7b49000 	C:\Windows\SYSTEM32\WSOCK32.dll
0x00007ffbfdb60000 - 0x00007ffbfdb87000 	C:\Windows\SYSTEM32\WINMM.dll
0x00007ffc0e1c0000 - 0x00007ffc0e22b000 	C:\Windows\System32\WS2_32.dll
0x00007ffc098f0000 - 0x00007ffc09902000 	C:\Windows\SYSTEM32\kernel.appcore.dll
0x00007ffc05b20000 - 0x00007ffc05b2a000 	C:\Program Files\Java\jdk-17.0.3.1\bin\jimage.dll
0x00007ffc01640000 - 0x00007ffc01824000 	C:\Windows\SYSTEM32\DBGHELP.DLL
0x00007ffc014b0000 - 0x00007ffc014e4000 	C:\Windows\SYSTEM32\dbgcore.DLL
0x00007ffc0bd40000 - 0x00007ffc0bdc2000 	C:\Windows\System32\bcryptPrimitives.dll
0x00007ffbfafc0000 - 0x00007ffbfafce000 	C:\Program Files\Java\jdk-17.0.3.1\bin\instrument.dll
0x00007ffc01190000 - 0x00007ffc011b5000 	C:\Program Files\Java\jdk-17.0.3.1\bin\java.dll
0x00007ffbc2070000 - 0x00007ffbc2146000 	C:\Program Files\Java\jdk-17.0.3.1\bin\jsvml.dll
0x00007ffc0d400000 - 0x00007ffc0db6b000 	C:\Windows\System32\SHELL32.dll
0x00007ffc09af0000 - 0x00007ffc0a28e000 	C:\Windows\SYSTEM32\windows.storage.dll
0x00007ffc0dc30000 - 0x00007ffc0df83000 	C:\Windows\System32\combase.dll
0x00007ffc0b320000 - 0x00007ffc0b34e000 	C:\Windows\SYSTEM32\Wldp.dll
0x00007ffc0e2e0000 - 0x00007ffc0e3ad000 	C:\Windows\System32\OLEAUT32.dll
0x00007ffc0e050000 - 0x00007ffc0e0fd000 	C:\Windows\System32\SHCORE.dll
0x00007ffc0cec0000 - 0x00007ffc0cf15000 	C:\Windows\System32\shlwapi.dll
0x00007ffc0b9d0000 - 0x00007ffc0b9f3000 	C:\Windows\SYSTEM32\profapi.dll
0x00007ffc01230000 - 0x00007ffc01248000 	C:\Program Files\Java\jdk-17.0.3.1\bin\zip.dll
0x00007ffc02cf0000 - 0x00007ffc02d09000 	C:\Program Files\Java\jdk-17.0.3.1\bin\net.dll
0x00007ffc047b0000 - 0x00007ffc048ba000 	C:\Windows\SYSTEM32\WINHTTP.dll
0x00007ffc0b100000 - 0x00007ffc0b16a000 	C:\Windows\system32\mswsock.dll
0x00007ffc01e20000 - 0x00007ffc01e36000 	C:\Program Files\Java\jdk-17.0.3.1\bin\nio.dll
0x00007ffbd6ed0000 - 0x00007ffbd6eea000 	C:\Program Files\JetBrains\IntelliJ IDEA Community Edition 2022.1.3\bin\breakgen64.dll
0x00007ffbfb010000 - 0x00007ffbfb01e000 	C:\Program Files\Java\jdk-17.0.3.1\bin\sunmscapi.dll
0x00007ffc0c2c0000 - 0x00007ffc0c41e000 	C:\Windows\System32\CRYPT32.dll
0x00007ffc0b470000 - 0x00007ffc0b498000 	C:\Windows\SYSTEM32\ncrypt.dll
0x00007ffc0b430000 - 0x00007ffc0b46b000 	C:\Windows\SYSTEM32\NTASN1.dll
0x00007ffc0b360000 - 0x00007ffc0b378000 	C:\Windows\SYSTEM32\CRYPTSP.dll
0x00007ffc0aa40000 - 0x00007ffc0aa74000 	C:\Windows\system32\rsaenh.dll
0x00007ffc0b950000 - 0x00007ffc0b97e000 	C:\Windows\SYSTEM32\USERENV.dll
0x00007ffc0b290000 - 0x00007ffc0b29c000 	C:\Windows\SYSTEM32\CRYPTBASE.dll
0x00007ffc0ae00000 - 0x00007ffc0ae3b000 	C:\Windows\SYSTEM32\IPHLPAPI.DLL
0x00007ffc0d0b0000 - 0x00007ffc0d0b8000 	C:\Windows\System32\NSI.dll
0x00007ffc055a0000 - 0x00007ffc055b7000 	C:\Windows\SYSTEM32\dhcpcsvc6.DLL
0x00007ffc05580000 - 0x00007ffc0559d000 	C:\Windows\SYSTEM32\dhcpcsvc.DLL
0x00007ffc0ae40000 - 0x00007ffc0af0b000 	C:\Windows\SYSTEM32\DNSAPI.dll
0x00007ffc01180000 - 0x00007ffc01189000 	C:\Program Files\Java\jdk-17.0.3.1\bin\management.dll
0x00007ffc01170000 - 0x00007ffc0117b000 	C:\Program Files\Java\jdk-17.0.3.1\bin\management_ext.dll
0x00007ffc042b0000 - 0x00007ffc042c0000 	C:\Program Files\Java\jdk-17.0.3.1\bin\verify.dll
0x00007ffc03f70000 - 0x00007ffc03f7a000 	C:\Windows\System32\rasadhlp.dll
0x00007ffc04420000 - 0x00007ffc044a0000 	C:\Windows\System32\fwpuclnt.dll

dbghelp: loaded successfully - version: 4.0.5 - missing functions: none
symbol engine: initialized successfully - sym options: 0x614 - pdb path: .;C:\Program Files\Java\jdk-17.0.3.1\bin;C:\Windows\SYSTEM32;C:\Windows\WinSxS\amd64_microsoft.windows.common-controls_6595b64144ccf1df_6.0.19041.3636_none_60b6a03d71f818d5;C:\Program Files\Java\jdk-17.0.3.1\bin\server;C:\Program Files\JetBrains\IntelliJ IDEA Community Edition 2022.1.3\bin

VM Arguments:
jvm_args: -javaagent:C:\Program Files\JetBrains\IntelliJ IDEA Community Edition 2022.1.3\lib\idea_rt.jar=52545:C:\Program Files\JetBrains\IntelliJ IDEA Community Edition 2022.1.3\bin -Dfile.encoding=UTF-8 
java_command: iis.iis.IisApplication
java_class_path (initial): C:\Users\Lenovo\Documents\GitHub\IISPROJEKAT\iis\target\classes;C:\Users\Lenovo\.m2\repository\org\springframework\boot\spring-boot-starter-data-jpa\3.2.4\spring-boot-starter-data-jpa-3.2.4.jar;C:\Users\Lenovo\.m2\repository\org\springframework\boot\spring-boot-starter-aop\3.2.4\spring-boot-starter-aop-3.2.4.jar;C:\Users\Lenovo\.m2\repository\org\springframework\spring-aop\6.1.5\spring-aop-6.1.5.jar;C:\Users\Lenovo\.m2\repository\org\aspectj\aspectjweaver\1.9.21\aspectjweaver-1.9.21.jar;C:\Users\Lenovo\.m2\repository\org\springframework\boot\spring-boot-starter-jdbc\3.2.4\spring-boot-starter-jdbc-3.2.4.jar;C:\Users\Lenovo\.m2\repository\com\zaxxer\HikariCP\5.0.1\HikariCP-5.0.1.jar;C:\Users\Lenovo\.m2\repository\org\springframework\spring-jdbc\6.1.5\spring-jdbc-6.1.5.jar;C:\Users\Lenovo\.m2\repository\org\hibernate\orm\hibernate-core\6.4.4.Final\hibernate-core-6.4.4.Final.jar;C:\Users\Lenovo\.m2\repository\jakarta\persistence\jakarta.persistence-api\3.1.0\jakarta.persistence-api-3.1.0.jar;C:\Users\Lenovo\.m2\repository\jakarta\transaction\jakarta.transaction-api\2.0.1\jakarta.transaction-api-2.0.1.jar;C:\Users\Lenovo\.m2\repository\org\jboss\logging\jboss-logging\3.5.3.Final\jboss-logging-3.5.3.Final.jar;C:\Users\Lenovo\.m2\repository\org\hibernate\common\hibernate-commons-annotations\6.0.6.Final\hibernate-commons-annotations-6.0.6.Final.jar;C:\Users\Lenovo\.m2\repository\io\smallrye\jandex\3.1.2\jandex-3.1.2.jar;C:\Users\Lenovo\.m2\repository\com\fasterxml\classmate\1.6.0\classmate-1.6.0.jar;C:\Users\Lenovo\.m2\repository\net\bytebuddy\byte-buddy\1.14.12\byte-buddy-1.14.12.jar;C:\Users\Lenovo\.m2\repository\org\glassfish\jaxb\jaxb-runtime\4.0.5\jaxb-runtime-4.0.5.jar;C:\Users\Lenovo\.m2\repository\org\glassfish\jaxb\jaxb-core\4.0.5\jaxb-core-4.0.5.jar;C:\Users\Lenovo\.m2\repository\org\eclipse\angus\angus-activation\2.0.2\angus-activation-2.0.2.jar;C:\Users\Lenovo\.m2\repository\org\glassfish\jaxb\txw2\4.0.5\txw2-4.0.5.jar;C:\Users\Lenov
Launcher Type: SUN_STANDARD

[Global flags]
     intx CICompilerCount                          = 4                                         {product} {ergonomic}
     uint ConcGCThreads                            = 2                                         {product} {ergonomic}
     uint G1ConcRefinementThreads                  = 8                                         {product} {ergonomic}
   size_t G1HeapRegionSize                         = 1048576                                   {product} {ergonomic}
    uintx GCDrainStackTargetSize                   = 64                                        {product} {ergonomic}
   size_t InitialHeapSize                          = 60817408                                  {product} {ergonomic}
   size_t MarkStackSize                            = 4194304                                   {product} {ergonomic}
   size_t MaxHeapSize                              = 954204160                                 {product} {ergonomic}
   size_t MaxNewSize                               = 572522496                                 {product} {ergonomic}
   size_t MinHeapDeltaBytes                        = 1048576                                   {product} {ergonomic}
   size_t MinHeapSize                              = 8388608                                   {product} {ergonomic}
    uintx NonNMethodCodeHeapSize                   = 5839372                                {pd product} {ergonomic}
    uintx NonProfiledCodeHeapSize                  = 122909434                              {pd product} {ergonomic}
    uintx ProfiledCodeHeapSize                     = 122909434                              {pd product} {ergonomic}
    uintx ReservedCodeCacheSize                    = 251658240                              {pd product} {ergonomic}
     bool SegmentedCodeCache                       = true                                      {product} {ergonomic}
   size_t SoftMaxHeapSize                          = 954204160                              {manageable} {ergonomic}
     bool UseCompressedClassPointers               = true                           {product lp64_product} {ergonomic}
     bool UseCompressedOops                        = true                           {product lp64_product} {ergonomic}
     bool UseG1GC                                  = true                                      {product} {ergonomic}
     bool UseLargePagesIndividualAllocation        = false                                  {pd product} {ergonomic}

Logging:
Log output configuration:
 #0: stdout all=warning uptime,level,tags
 #1: stderr all=off uptime,level,tags

Environment Variables:
PATH=C:\app\Lenovo\product\21c\dbhomeXE\bin;C:\oraclexe\app\oracle\product\11.2.0\server\bin;C:\Program Files\Common Files\Oracle\Java\javapath;C:\Program Files (x86)\Common Files\Oracle\Java\javapath;C:\Windows\system32;C:\Windows;C:\Windows\System32\Wbem;C:\Windows\System32\WindowsPowerShell\v1.0\;C:\Windows\System32\OpenSSH\;C:\Program Files\dotnet\;C:\Program Files (x86)\Microsoft SQL Server\160\Tools\Binn\;C:\Program Files\Microsoft SQL Server\160\Tools\Binn\;C:\Program Files\Microsoft SQL Server\Client SDK\ODBC\170\Tools\Binn\;C:\Program Files\Microsoft SQL Server\160\DTS\Binn\;C:\Program Files (x86)\Microsoft SQL Server\160\DTS\Binn\;C:\Program Files\Azure Data Studio\bin;C:\Program Files\Microsoft SQL Server\150\Tools\Binn\;C:\Program Files\nodejs\;C:\ProgramData\chocolatey\bin;C:\Program Files\Git\cmd;C:\Program Files (x86)\GnuWin32\bin;C:\Program Files\Go\bin;C:\Program Files\Docker\Docker\resources\bin;C:\Program Files\MySQL\MySQL Shell 8.0\bin\;C:\Users\Lenovo\scoop\shims;C:\Users\Lenovo\AppData\Local\Microsoft\WindowsApps;C:\Users\Lenovo\AppData\Local\Programs\Microsoft VS Code\bin;C:\Users\Lenovo\AppData\Local\GitHubDesktop\bin;C:\intelFPGA_lite\18.0\modelsim_ase\win32aloem;C:\Users\Lenovo\.dotnet\tools;C:\Program Files\Azure Data Studio\bin;C:\Users\Lenovo\AppData\Roaming\npm;C:\msys64\mingw64\bin;C:\Users\Lenovo\go\bin
USERNAME=Lenovo
OS=Windows_NT
PROCESSOR_IDENTIFIER=AMD64 Family 23 Model 17 Stepping 0, AuthenticAMD



---------------  S Y S T E M  ---------------

OS:
 Windows 10 , 64 bit Build 19041 (10.0.19041.3636)
OS uptime: 1 days 3:22 hours
Hyper-V role detected

CPU: total 8 (initial active 8) (8 cores per cpu, 2 threads per core) family 23 model 17 stepping 0 microcode 0x0, cx8, cmov, fxsr, ht, mmx, 3dnowpref, sse, sse2, sse3, ssse3, sse4a, sse4.1, sse4.2, popcnt, lzcnt, tsc, tscinvbit, avx, avx2, aes, clmul, bmi1, bmi2, adx, sha, fma, vzeroupper, clflush, clflushopt, hv

Memory: 4k page, system-wide physical 3638M (83M free)
TotalPageFile size 14902M (AvailPageFile size 4M)
current process WorkingSet (physical memory assigned to process): 143M, peak: 164M
current process commit charge ("private bytes"): 221M, peak: 222M

vm_info: Java HotSpot(TM) 64-Bit Server VM (17.0.3.1+2-LTS-6) for windows-amd64 JRE (17.0.3.1+2-LTS-6), built on Apr 25 2022 22:04:21 by "mach5one" with MS VC++ 16.8 / 16.9 (VS2019)

END.
