#
# There is insufficient memory for the Java Runtime Environment to continue.
# Native memory allocation (malloc) failed to allocate 1740304 bytes for Chunk::new
# Possible reasons:
#   The system is out of physical RAM or swap space
#   The process is running with CompressedOops enabled, and the Java Heap may be blocking the growth of the native heap
# Possible solutions:
#   Reduce memory load on the system
#   Increase physical memory or swap space
#   Check if swap backing store is full
#   Decrease Java heap size (-Xmx/-Xms)
#   Decrease number of Java threads
#   Decrease Java thread stack sizes (-Xss)
#   Set larger code cache with -XX:ReservedCodeCacheSize=
#   JVM is running with Unscaled Compressed Oops mode in which the Java heap is
#     placed in the first 4GB address space. The Java Heap base address is the
#     maximum limit for the native heap growth. Please use -XX:HeapBaseMinAddress
#     to set the Java Heap base and to place the Java Heap above 4GB virtual address.
# This output file may be truncated or incomplete.
#
#  Out of Memory Error (arena.cpp:189), pid=13812, tid=12188
#
# JRE version: Java(TM) SE Runtime Environment (17.0.3.1+2) (build 17.0.3.1+2-LTS-6)
# Java VM: Java HotSpot(TM) 64-Bit Server VM (17.0.3.1+2-LTS-6, mixed mode, sharing, tiered, compressed oops, compressed class ptrs, g1 gc, windows-amd64)
# No core dump will be written. Minidumps are not enabled by default on client versions of Windows
#

---------------  S U M M A R Y ------------

Command Line: -javaagent:C:\Program Files\JetBrains\IntelliJ IDEA Community Edition 2022.1.3\lib\idea_rt.jar=53003:C:\Program Files\JetBrains\IntelliJ IDEA Community Edition 2022.1.3\bin -Dfile.encoding=UTF-8 iis.iis.IisApplication

Host: AMD Ryzen 5 2500U with Radeon Vega Mobile Gfx  , 8 cores, 3G,  Windows 10 , 64 bit Build 19041 (10.0.19041.3636)
Time: Thu Apr 18 00:38:49 2024 Central Europe Daylight Time elapsed time: 7.315453 seconds (0d 0h 0m 7s)

---------------  T H R E A D  ---------------

Current thread (0x0000013c91a12370):  JavaThread "C2 CompilerThread0" daemon [_thread_in_native, id=12188, stack(0x0000000c28e00000,0x0000000c28f00000)]


Current CompileTask:
C2:   7316 2661   !   4       jdk.internal.loader.BuiltinClassLoader::loadClassOrNull (143 bytes)

Stack: [0x0000000c28e00000,0x0000000c28f00000]
Native frames: (J=compiled Java code, j=interpreted, Vv=VM code, C=native code)
V  [jvm.dll+0x6711ba]
V  [jvm.dll+0x7d0834]
V  [jvm.dll+0x7d1fde]
V  [jvm.dll+0x7d2643]
V  [jvm.dll+0x242c85]
V  [jvm.dll+0xaa57b]
V  [jvm.dll+0xaab0c]
V  [jvm.dll+0x35ff77]
V  [jvm.dll+0x32a581]
V  [jvm.dll+0x329a2a]
V  [jvm.dll+0x215d61]
V  [jvm.dll+0x215181]
V  [jvm.dll+0x1a1c3d]
V  [jvm.dll+0x2249c8]
V  [jvm.dll+0x222b2c]
V  [jvm.dll+0x78650b]
V  [jvm.dll+0x780aca]
V  [jvm.dll+0x670045]
C  [ucrtbase.dll+0x21bb2]
C  [KERNEL32.DLL+0x17344]
C  [ntdll.dll+0x526b1]


---------------  P R O C E S S  ---------------

Threads class SMR info:
_java_thread_list=0x0000013c93821120, length=13, elements={
0x0000013cf61eef20, 0x0000013c919ca8a0, 0x0000013c919cb620, 0x0000013c919de9c0,
0x0000013c919df480, 0x0000013c919e1f60, 0x0000013c919ede60, 0x0000013c91a12370,
0x0000013c91a12d20, 0x0000013c91a1c400, 0x0000013c919b78b0, 0x0000013c926a3a80,
0x0000013c92870940
}

Java Threads: ( => current thread )
  0x0000013cf61eef20 JavaThread "main" [_thread_in_vm, id=17924, stack(0x0000000c28100000,0x0000000c28200000)]
  0x0000013c919ca8a0 JavaThread "Reference Handler" daemon [_thread_blocked, id=2656, stack(0x0000000c28800000,0x0000000c28900000)]
  0x0000013c919cb620 JavaThread "Finalizer" daemon [_thread_blocked, id=11752, stack(0x0000000c28900000,0x0000000c28a00000)]
  0x0000013c919de9c0 JavaThread "Signal Dispatcher" daemon [_thread_blocked, id=11324, stack(0x0000000c28a00000,0x0000000c28b00000)]
  0x0000013c919df480 JavaThread "Attach Listener" daemon [_thread_blocked, id=15152, stack(0x0000000c28b00000,0x0000000c28c00000)]
  0x0000013c919e1f60 JavaThread "Service Thread" daemon [_thread_blocked, id=2500, stack(0x0000000c28c00000,0x0000000c28d00000)]
  0x0000013c919ede60 JavaThread "Monitor Deflation Thread" daemon [_thread_blocked, id=19224, stack(0x0000000c28d00000,0x0000000c28e00000)]
=>0x0000013c91a12370 JavaThread "C2 CompilerThread0" daemon [_thread_in_native, id=12188, stack(0x0000000c28e00000,0x0000000c28f00000)]
  0x0000013c91a12d20 JavaThread "C1 CompilerThread0" daemon [_thread_blocked, id=17524, stack(0x0000000c28f00000,0x0000000c29000000)]
  0x0000013c91a1c400 JavaThread "Sweeper thread" daemon [_thread_blocked, id=18156, stack(0x0000000c29000000,0x0000000c29100000)]
  0x0000013c919b78b0 JavaThread "Common-Cleaner" daemon [_thread_blocked, id=19376, stack(0x0000000c29100000,0x0000000c29200000)]
  0x0000013c926a3a80 JavaThread "Monitor Ctrl-Break" daemon [_thread_in_native, id=12484, stack(0x0000000c29200000,0x0000000c29300000)]
  0x0000013c92870940 JavaThread "Notification Thread" daemon [_thread_blocked, id=18936, stack(0x0000000c29300000,0x0000000c29400000)]

Other Threads:
  0x0000013c919c2f50 VMThread "VM Thread" [stack: 0x0000000c28700000,0x0000000c28800000] [id=10232]
  0x0000013cf624d020 WatcherThread [stack: 0x0000000c29400000,0x0000000c29500000] [id=12544]
  0x0000013cf622bb50 GCTaskThread "GC Thread#0" [stack: 0x0000000c28200000,0x0000000c28300000] [id=18084]
  0x0000013c92f09cf0 GCTaskThread "GC Thread#1" [stack: 0x0000000c29500000,0x0000000c29600000] [id=8644]
  0x0000013c92f085f0 GCTaskThread "GC Thread#2" [stack: 0x0000000c29600000,0x0000000c29700000] [id=9720]
  0x0000013c92efb990 GCTaskThread "GC Thread#3" [stack: 0x0000000c29700000,0x0000000c29800000] [id=18380]
  0x0000013c92efbc40 GCTaskThread "GC Thread#4" [stack: 0x0000000c29800000,0x0000000c29900000] [id=5516]
  0x0000013c92efbef0 GCTaskThread "GC Thread#5" [stack: 0x0000000c29900000,0x0000000c29a00000] [id=19752]
  0x0000013c9357e180 GCTaskThread "GC Thread#6" [stack: 0x0000000c29b00000,0x0000000c29c00000] [id=6668]
  0x0000013c935995b0 GCTaskThread "GC Thread#7" [stack: 0x0000000c29c00000,0x0000000c29d00000] [id=11276]
  0x0000013cf6234b70 ConcurrentGCThread "G1 Main Marker" [stack: 0x0000000c28300000,0x0000000c28400000] [id=9708]
  0x0000013cf6235490 ConcurrentGCThread "G1 Conc#0" [stack: 0x0000000c28400000,0x0000000c28500000] [id=12940]
  0x0000013c918910a0 ConcurrentGCThread "G1 Refine#0" [stack: 0x0000000c28500000,0x0000000c28600000] [id=7308]
  0x0000013c918919d0 ConcurrentGCThread "G1 Service" [stack: 0x0000000c28600000,0x0000000c28700000] [id=18968]

Threads with active compile tasks:
C2 CompilerThread0     7409 2661   !   4       jdk.internal.loader.BuiltinClassLoader::loadClassOrNull (143 bytes)

VM state: not at safepoint (normal execution)

VM Mutex/Monitor currently owned by a thread: None

Heap address: 0x00000000c7200000, size: 910 MB, Compressed Oops mode: 32-bit

CDS archive(s) mapped at: [0x0000000800000000-0x0000000800bc0000-0x0000000800bc0000), size 12320768, SharedBaseAddress: 0x0000000800000000, ArchiveRelocationMode: 0.
Compressed class space mapped at: 0x0000000800c00000-0x0000000840c00000, reserved size: 1073741824
Narrow klass base: 0x0000000800000000, Narrow klass shift: 0, Narrow klass range: 0x100000000

GC Precious Log:
 CPUs: 8 total, 8 available
 Memory: 3638M
 Large Page Support: Disabled
 NUMA Support: Disabled
 Compressed Oops: Enabled (32-bit)
 Heap Region Size: 1M
 Heap Min Capacity: 8M
 Heap Initial Capacity: 58M
 Heap Max Capacity: 910M
 Pre-touch: Disabled
 Parallel Workers: 8
 Concurrent Workers: 2
 Concurrent Refinement Workers: 8
 Periodic GC: Disabled

Heap:
 garbage-first heap   total 59392K, used 34107K [0x00000000c7200000, 0x0000000100000000)
  region size 1024K, 26 young (26624K), 3 survivors (3072K)
 Metaspace       used 20010K, committed 20224K, reserved 1073152K
  class space    used 2457K, committed 2560K, reserved 1048576K

Heap Regions: E=young(eden), S=young(survivor), O=old, HS=humongous(starts), HC=humongous(continues), CS=collection set, F=free, OA=open archive, CA=closed archive, TAMS=top-at-mark-start (previous, next)
|   0|0x00000000c7200000, 0x00000000c7300000, 0x00000000c7300000|100%|HS|  |TAMS 0x00000000c7200000, 0x00000000c7200000| Complete 
|   1|0x00000000c7300000, 0x00000000c7400000, 0x00000000c7400000|100%| O|  |TAMS 0x00000000c7300000, 0x00000000c7300000| Untracked 
|   2|0x00000000c7400000, 0x00000000c7500000, 0x00000000c7500000|100%| O|  |TAMS 0x00000000c7400000, 0x00000000c7400000| Untracked 
|   3|0x00000000c7500000, 0x00000000c7600000, 0x00000000c7600000|100%| O|  |TAMS 0x00000000c7500000, 0x00000000c7500000| Untracked 
|   4|0x00000000c7600000, 0x00000000c7700000, 0x00000000c7700000|100%| O|  |TAMS 0x00000000c7600000, 0x00000000c7600000| Untracked 
|   5|0x00000000c7700000, 0x00000000c7800000, 0x00000000c7800000|100%| O|  |TAMS 0x00000000c7700000, 0x00000000c7700000| Untracked 
|   6|0x00000000c7800000, 0x00000000c7900000, 0x00000000c7900000|100%| O|  |TAMS 0x00000000c7800000, 0x00000000c7800000| Untracked 
|   7|0x00000000c7900000, 0x00000000c7a00000, 0x00000000c7a00000|100%| O|  |TAMS 0x00000000c7900000, 0x00000000c7900000| Untracked 
|   8|0x00000000c7a00000, 0x00000000c7ae8800, 0x00000000c7b00000| 90%| O|  |TAMS 0x00000000c7a00000, 0x00000000c7a00000| Untracked 
|   9|0x00000000c7b00000, 0x00000000c7b00000, 0x00000000c7c00000|  0%| F|  |TAMS 0x00000000c7b00000, 0x00000000c7b00000| Untracked 
|  10|0x00000000c7c00000, 0x00000000c7c00000, 0x00000000c7d00000|  0%| F|  |TAMS 0x00000000c7c00000, 0x00000000c7c00000| Untracked 
|  11|0x00000000c7d00000, 0x00000000c7d00000, 0x00000000c7e00000|  0%| F|  |TAMS 0x00000000c7d00000, 0x00000000c7d00000| Untracked 
|  12|0x00000000c7e00000, 0x00000000c7e00000, 0x00000000c7f00000|  0%| F|  |TAMS 0x00000000c7e00000, 0x00000000c7e00000| Untracked 
|  13|0x00000000c7f00000, 0x00000000c7f00000, 0x00000000c8000000|  0%| F|  |TAMS 0x00000000c7f00000, 0x00000000c7f00000| Untracked 
|  14|0x00000000c8000000, 0x00000000c8000000, 0x00000000c8100000|  0%| F|  |TAMS 0x00000000c8000000, 0x00000000c8000000| Untracked 
|  15|0x00000000c8100000, 0x00000000c8100000, 0x00000000c8200000|  0%| F|  |TAMS 0x00000000c8100000, 0x00000000c8100000| Untracked 
|  16|0x00000000c8200000, 0x00000000c8200000, 0x00000000c8300000|  0%| F|  |TAMS 0x00000000c8200000, 0x00000000c8200000| Untracked 
|  17|0x00000000c8300000, 0x00000000c8300000, 0x00000000c8400000|  0%| F|  |TAMS 0x00000000c8300000, 0x00000000c8300000| Untracked 
|  18|0x00000000c8400000, 0x00000000c8400000, 0x00000000c8500000|  0%| F|  |TAMS 0x00000000c8400000, 0x00000000c8400000| Untracked 
|  19|0x00000000c8500000, 0x00000000c8500000, 0x00000000c8600000|  0%| F|  |TAMS 0x00000000c8500000, 0x00000000c8500000| Untracked 
|  20|0x00000000c8600000, 0x00000000c8600000, 0x00000000c8700000|  0%| F|  |TAMS 0x00000000c8600000, 0x00000000c8600000| Untracked 
|  21|0x00000000c8700000, 0x00000000c8700000, 0x00000000c8800000|  0%| F|  |TAMS 0x00000000c8700000, 0x00000000c8700000| Untracked 
|  22|0x00000000c8800000, 0x00000000c8800000, 0x00000000c8900000|  0%| F|  |TAMS 0x00000000c8800000, 0x00000000c8800000| Untracked 
|  23|0x00000000c8900000, 0x00000000c8900000, 0x00000000c8a00000|  0%| F|  |TAMS 0x00000000c8900000, 0x00000000c8900000| Untracked 
|  24|0x00000000c8a00000, 0x00000000c8a00000, 0x00000000c8b00000|  0%| F|  |TAMS 0x00000000c8a00000, 0x00000000c8a00000| Untracked 
|  25|0x00000000c8b00000, 0x00000000c8b00000, 0x00000000c8c00000|  0%| F|  |TAMS 0x00000000c8b00000, 0x00000000c8b00000| Untracked 
|  26|0x00000000c8c00000, 0x00000000c8c00000, 0x00000000c8d00000|  0%| F|  |TAMS 0x00000000c8c00000, 0x00000000c8c00000| Untracked 
|  27|0x00000000c8d00000, 0x00000000c8d00000, 0x00000000c8e00000|  0%| F|  |TAMS 0x00000000c8d00000, 0x00000000c8d00000| Untracked 
|  28|0x00000000c8e00000, 0x00000000c8e00000, 0x00000000c8f00000|  0%| F|  |TAMS 0x00000000c8e00000, 0x00000000c8e00000| Untracked 
|  29|0x00000000c8f00000, 0x00000000c8f66648, 0x00000000c9000000| 39%| S|CS|TAMS 0x00000000c8f00000, 0x00000000c8f00000| Complete 
|  30|0x00000000c9000000, 0x00000000c9000000, 0x00000000c9100000|  0%| F|  |TAMS 0x00000000c9000000, 0x00000000c9000000| Untracked 
|  31|0x00000000c9100000, 0x00000000c9100000, 0x00000000c9200000|  0%| F|  |TAMS 0x00000000c9100000, 0x00000000c9100000| Untracked 
|  32|0x00000000c9200000, 0x00000000c9300000, 0x00000000c9300000|100%| S|CS|TAMS 0x00000000c9200000, 0x00000000c9200000| Complete 
|  33|0x00000000c9300000, 0x00000000c9400000, 0x00000000c9400000|100%| S|CS|TAMS 0x00000000c9300000, 0x00000000c9300000| Complete 
|  34|0x00000000c9400000, 0x00000000c9400000, 0x00000000c9500000|  0%| F|  |TAMS 0x00000000c9400000, 0x00000000c9400000| Untracked 
|  35|0x00000000c9500000, 0x00000000c95b75a8, 0x00000000c9600000| 71%| E|  |TAMS 0x00000000c9500000, 0x00000000c9500000| Complete 
|  36|0x00000000c9600000, 0x00000000c9700000, 0x00000000c9700000|100%| E|CS|TAMS 0x00000000c9600000, 0x00000000c9600000| Complete 
|  37|0x00000000c9700000, 0x00000000c9800000, 0x00000000c9800000|100%| E|CS|TAMS 0x00000000c9700000, 0x00000000c9700000| Complete 
|  38|0x00000000c9800000, 0x00000000c9900000, 0x00000000c9900000|100%| E|CS|TAMS 0x00000000c9800000, 0x00000000c9800000| Complete 
|  39|0x00000000c9900000, 0x00000000c9a00000, 0x00000000c9a00000|100%| E|CS|TAMS 0x00000000c9900000, 0x00000000c9900000| Complete 
|  40|0x00000000c9a00000, 0x00000000c9b00000, 0x00000000c9b00000|100%| E|CS|TAMS 0x00000000c9a00000, 0x00000000c9a00000| Complete 
|  41|0x00000000c9b00000, 0x00000000c9c00000, 0x00000000c9c00000|100%| E|CS|TAMS 0x00000000c9b00000, 0x00000000c9b00000| Complete 
|  42|0x00000000c9c00000, 0x00000000c9d00000, 0x00000000c9d00000|100%| E|CS|TAMS 0x00000000c9c00000, 0x00000000c9c00000| Complete 
|  43|0x00000000c9d00000, 0x00000000c9e00000, 0x00000000c9e00000|100%| E|CS|TAMS 0x00000000c9d00000, 0x00000000c9d00000| Complete 
|  44|0x00000000c9e00000, 0x00000000c9f00000, 0x00000000c9f00000|100%| E|CS|TAMS 0x00000000c9e00000, 0x00000000c9e00000| Complete 
|  45|0x00000000c9f00000, 0x00000000ca000000, 0x00000000ca000000|100%| E|CS|TAMS 0x00000000c9f00000, 0x00000000c9f00000| Complete 
|  46|0x00000000ca000000, 0x00000000ca100000, 0x00000000ca100000|100%| E|CS|TAMS 0x00000000ca000000, 0x00000000ca000000| Complete 
|  47|0x00000000ca100000, 0x00000000ca200000, 0x00000000ca200000|100%| E|CS|TAMS 0x00000000ca100000, 0x00000000ca100000| Complete 
|  48|0x00000000ca200000, 0x00000000ca300000, 0x00000000ca300000|100%| E|CS|TAMS 0x00000000ca200000, 0x00000000ca200000| Complete 
|  49|0x00000000ca300000, 0x00000000ca400000, 0x00000000ca400000|100%| E|CS|TAMS 0x00000000ca300000, 0x00000000ca300000| Complete 
|  50|0x00000000ca400000, 0x00000000ca500000, 0x00000000ca500000|100%| E|CS|TAMS 0x00000000ca400000, 0x00000000ca400000| Complete 
|  51|0x00000000ca500000, 0x00000000ca600000, 0x00000000ca600000|100%| E|CS|TAMS 0x00000000ca500000, 0x00000000ca500000| Complete 
|  52|0x00000000ca600000, 0x00000000ca700000, 0x00000000ca700000|100%| E|CS|TAMS 0x00000000ca600000, 0x00000000ca600000| Complete 
|  53|0x00000000ca700000, 0x00000000ca800000, 0x00000000ca800000|100%| E|CS|TAMS 0x00000000ca700000, 0x00000000ca700000| Complete 
|  54|0x00000000ca800000, 0x00000000ca900000, 0x00000000ca900000|100%| E|CS|TAMS 0x00000000ca800000, 0x00000000ca800000| Complete 
|  55|0x00000000ca900000, 0x00000000caa00000, 0x00000000caa00000|100%| E|CS|TAMS 0x00000000ca900000, 0x00000000ca900000| Complete 
|  56|0x00000000caa00000, 0x00000000cab00000, 0x00000000cab00000|100%| E|CS|TAMS 0x00000000caa00000, 0x00000000caa00000| Complete 
|  57|0x00000000cab00000, 0x00000000cac00000, 0x00000000cac00000|100%| E|CS|TAMS 0x00000000cab00000, 0x00000000cab00000| Complete 

Card table byte_map: [0x0000013cfdf60000,0x0000013cfe130000] _byte_map_base: 0x0000013cfd927000

Marking Bits (Prev, Next): (CMBitMap*) 0x0000013cf622d080, (CMBitMap*) 0x0000013cf622d0c0
 Prev Bits: [0x0000013cfe300000, 0x0000013cff138000)
 Next Bits: [0x0000013cff140000, 0x0000013cfff78000)

Polling page: 0x0000013cf59c0000

Metaspace:

Usage:
  Non-class:     17.15 MB used.
      Class:      2.40 MB used.
       Both:     19.55 MB used.

Virtual space:
  Non-class space:       24.00 MB reserved,      17.25 MB ( 72%) committed,  3 nodes.
      Class space:        1.00 GB reserved,       2.50 MB ( <1%) committed,  1 nodes.
             Both:        1.02 GB reserved,      19.75 MB (  2%) committed. 

Chunk freelists:
   Non-Class:  2.38 MB
       Class:  1.48 MB
        Both:  3.86 MB

MaxMetaspaceSize: unlimited
CompressedClassSpaceSize: 1.00 GB
Initial GC threshold: 21.00 MB
Current GC threshold: 21.00 MB
CDS: on
MetaspaceReclaimPolicy: balanced
 - commit_granule_bytes: 65536.
 - commit_granule_words: 8192.
 - virtual_space_node_default_size: 1048576.
 - enlarge_chunks_in_place: 1.
 - new_chunks_are_fully_committed: 0.
 - uncommit_free_chunks: 1.
 - use_allocation_guard: 0.
 - handle_deallocations: 1.


Internal statistics:

num_allocs_failed_limit: 0.
num_arena_births: 234.
num_arena_deaths: 0.
num_vsnodes_births: 4.
num_vsnodes_deaths: 0.
num_space_committed: 317.
num_space_uncommitted: 0.
num_chunks_returned_to_freelist: 0.
num_chunks_taken_from_freelist: 904.
num_chunk_merges: 0.
num_chunk_splits: 628.
num_chunks_enlarged: 496.
num_purges: 0.
num_inconsistent_stats: 0.

CodeHeap 'non-profiled nmethods': size=120000Kb used=986Kb max_used=986Kb free=119014Kb
 bounds [0x0000013c87ad0000, 0x0000013c87d40000, 0x0000013c8f000000]
CodeHeap 'profiled nmethods': size=120000Kb used=5817Kb max_used=5817Kb free=114182Kb
 bounds [0x0000013c805a0000, 0x0000013c80b50000, 0x0000013c87ad0000]
CodeHeap 'non-nmethods': size=5760Kb used=1203Kb max_used=1233Kb free=4556Kb
 bounds [0x0000013c80000000, 0x0000013c80270000, 0x0000013c805a0000]
 total_blobs=3309 nmethods=2808 adapters=413
 compilation: enabled
              stopped_count=0, restarted_count=0
 full_count=0

Compilation events (20 events):
Event: 7.289 Thread 0x0000013c91a12d20 2820       3       org.springframework.boot.autoconfigure.condition.ConditionMessage$ItemsBuilder::items (137 bytes)
Event: 7.292 Thread 0x0000013c91a12d20 nmethod 2820 0x0000013c80b44f10 code [0x0000013c80b45240, 0x0000013c80b46428]
Event: 7.292 Thread 0x0000013c91a12d20 2821       1       org.springframework.boot.context.properties.source.ConfigurationPropertyName$Elements::getSource (5 bytes)
Event: 7.293 Thread 0x0000013c91a12d20 nmethod 2821 0x0000013c87bc6210 code [0x0000013c87bc63a0, 0x0000013c87bc6478]
Event: 7.299 Thread 0x0000013c91a12d20 2822       3       org.springframework.core.MethodParameter::getDeclaringClass (8 bytes)
Event: 7.300 Thread 0x0000013c91a12d20 nmethod 2822 0x0000013c80b46a10 code [0x0000013c80b46bc0, 0x0000013c80b46d88]
Event: 7.302 Thread 0x0000013c91a12d20 2823       3       org.springframework.core.type.AnnotatedTypeMetadata$$Lambda$366/0x0000000800e267d0::apply (10 bytes)
Event: 7.302 Thread 0x0000013c91a12d20 nmethod 2823 0x0000013c80b46e90 code [0x0000013c80b47040, 0x0000013c80b47328]
Event: 7.302 Thread 0x0000013c91a12d20 2824       3       org.springframework.core.annotation.TypeMappedAnnotation::withNonMergedAttributes (45 bytes)
Event: 7.302 Thread 0x0000013c91a12d20 nmethod 2824 0x0000013c80b47410 code [0x0000013c80b475c0, 0x0000013c80b477e8]
Event: 7.302 Thread 0x0000013c91a12d20 2825       3       org.springframework.core.annotation.TypeMappedAnnotation::<init> (62 bytes)
Event: 7.303 Thread 0x0000013c91a12d20 nmethod 2825 0x0000013c80b47890 code [0x0000013c80b47a60, 0x0000013c80b47f38]
Event: 7.303 Thread 0x0000013c91a12d20 2826       3       org.springframework.core.annotation.AnnotationAwareOrderComparator::findOrderFromAnnotation (69 bytes)
Event: 7.303 Thread 0x0000013c91a12d20 nmethod 2826 0x0000013c80b48090 code [0x0000013c80b482c0, 0x0000013c80b48bf8]
Event: 7.304 Thread 0x0000013c91a12d20 2827       3       org.springframework.boot.autoconfigure.condition.SpringBootCondition::logOutcome (28 bytes)
Event: 7.304 Thread 0x0000013c91a12d20 nmethod 2827 0x0000013c80b48e90 code [0x0000013c80b49060, 0x0000013c80b49388]
Event: 7.304 Thread 0x0000013c91a12d20 2828       3       org.springframework.boot.autoconfigure.condition.ConditionEvaluationReport::recordConditionEvaluation (58 bytes)
Event: 7.305 Thread 0x0000013c91a12d20 nmethod 2828 0x0000013c80b49490 code [0x0000013c80b496e0, 0x0000013c80b4a058]
Event: 7.306 Thread 0x0000013c91a12d20 2829       3       org.springframework.core.MethodParameter::getMethod (23 bytes)
Event: 7.306 Thread 0x0000013c91a12d20 nmethod 2829 0x0000013c80b4a410 code [0x0000013c80b4a5c0, 0x0000013c80b4a938]

GC Heap History (6 events):
Event: 3.267 GC heap before
{Heap before GC invocations=0 (full 0):
 garbage-first heap   total 59392K, used 24576K [0x00000000c7200000, 0x0000000100000000)
  region size 1024K, 23 young (23552K), 0 survivors (0K)
 Metaspace       used 6400K, committed 6592K, reserved 1056768K
  class space    used 769K, committed 896K, reserved 1048576K
}
Event: 3.280 GC heap after
{Heap after GC invocations=1 (full 0):
 garbage-first heap   total 59392K, used 6760K [0x00000000c7200000, 0x0000000100000000)
  region size 1024K, 3 young (3072K), 3 survivors (3072K)
 Metaspace       used 6400K, committed 6592K, reserved 1056768K
  class space    used 769K, committed 896K, reserved 1048576K
}
Event: 4.679 GC heap before
{Heap before GC invocations=1 (full 0):
 garbage-first heap   total 59392K, used 28264K [0x00000000c7200000, 0x0000000100000000)
  region size 1024K, 25 young (25600K), 3 survivors (3072K)
 Metaspace       used 12057K, committed 12288K, reserved 1064960K
  class space    used 1434K, committed 1536K, reserved 1048576K
}
Event: 4.689 GC heap after
{Heap after GC invocations=2 (full 0):
 garbage-first heap   total 59392K, used 9204K [0x00000000c7200000, 0x0000000100000000)
  region size 1024K, 3 young (3072K), 3 survivors (3072K)
 Metaspace       used 12057K, committed 12288K, reserved 1064960K
  class space    used 1434K, committed 1536K, reserved 1048576K
}
Event: 5.681 GC heap before
{Heap before GC invocations=2 (full 0):
 garbage-first heap   total 59392K, used 32756K [0x00000000c7200000, 0x0000000100000000)
  region size 1024K, 26 young (26624K), 3 survivors (3072K)
 Metaspace       used 17193K, committed 17472K, reserved 1064960K
  class space    used 2119K, committed 2240K, reserved 1048576K
}
Event: 5.694 GC heap after
{Heap after GC invocations=3 (full 0):
 garbage-first heap   total 59392K, used 11579K [0x00000000c7200000, 0x0000000100000000)
  region size 1024K, 3 young (3072K), 3 survivors (3072K)
 Metaspace       used 17193K, committed 17472K, reserved 1064960K
  class space    used 2119K, committed 2240K, reserved 1048576K
}

Deoptimization events (20 events):
Event: 6.223 Thread 0x0000013cf61eef20 DEOPT PACKING pc=0x0000013c87b77574 sp=0x0000000c281fc9a0
Event: 6.223 Thread 0x0000013cf61eef20 DEOPT UNPACKING pc=0x0000013c800523a3 sp=0x0000000c281fc958 mode 2
Event: 6.401 Thread 0x0000013cf61eef20 DEOPT PACKING pc=0x0000013c80866108 sp=0x0000000c281fde20
Event: 6.401 Thread 0x0000013cf61eef20 DEOPT UNPACKING pc=0x0000013c80052b43 sp=0x0000000c281fd328 mode 0
Event: 6.672 Thread 0x0000013cf61eef20 Uncommon trap: trap_request=0xffffffde fr.pc=0x0000013c87adbda4 relative=0x00000000000001a4
Event: 6.672 Thread 0x0000013cf61eef20 Uncommon trap: reason=class_check action=maybe_recompile pc=0x0000013c87adbda4 method=java.lang.String.equals(Ljava/lang/Object;)Z @ 8 c2
Event: 6.672 Thread 0x0000013cf61eef20 DEOPT PACKING pc=0x0000013c87adbda4 sp=0x0000000c281fe9a0
Event: 6.672 Thread 0x0000013cf61eef20 DEOPT UNPACKING pc=0x0000013c800523a3 sp=0x0000000c281fe938 mode 2
Event: 6.672 Thread 0x0000013cf61eef20 Uncommon trap: trap_request=0xffffffde fr.pc=0x0000013c87adbda4 relative=0x00000000000001a4
Event: 6.672 Thread 0x0000013cf61eef20 Uncommon trap: reason=class_check action=maybe_recompile pc=0x0000013c87adbda4 method=java.lang.String.equals(Ljava/lang/Object;)Z @ 8 c2
Event: 6.672 Thread 0x0000013cf61eef20 DEOPT PACKING pc=0x0000013c87adbda4 sp=0x0000000c281fe9a0
Event: 6.672 Thread 0x0000013cf61eef20 DEOPT UNPACKING pc=0x0000013c800523a3 sp=0x0000000c281fe938 mode 2
Event: 6.672 Thread 0x0000013cf61eef20 Uncommon trap: trap_request=0xffffffde fr.pc=0x0000013c87adbda4 relative=0x00000000000001a4
Event: 6.672 Thread 0x0000013cf61eef20 Uncommon trap: reason=class_check action=maybe_recompile pc=0x0000013c87adbda4 method=java.lang.String.equals(Ljava/lang/Object;)Z @ 8 c2
Event: 6.672 Thread 0x0000013cf61eef20 DEOPT PACKING pc=0x0000013c87adbda4 sp=0x0000000c281fe9a0
Event: 6.672 Thread 0x0000013cf61eef20 DEOPT UNPACKING pc=0x0000013c800523a3 sp=0x0000000c281fe938 mode 2
Event: 6.674 Thread 0x0000013cf61eef20 Uncommon trap: trap_request=0xffffffde fr.pc=0x0000013c87adbda4 relative=0x00000000000001a4
Event: 6.674 Thread 0x0000013cf61eef20 Uncommon trap: reason=class_check action=maybe_recompile pc=0x0000013c87adbda4 method=java.lang.String.equals(Ljava/lang/Object;)Z @ 8 c2
Event: 6.674 Thread 0x0000013cf61eef20 DEOPT PACKING pc=0x0000013c87adbda4 sp=0x0000000c281fe660
Event: 6.674 Thread 0x0000013cf61eef20 DEOPT UNPACKING pc=0x0000013c800523a3 sp=0x0000000c281fe5f8 mode 2

Classes unloaded (0 events):
No events

Classes redefined (0 events):
No events

Internal exceptions (20 events):
Event: 4.010 Thread 0x0000013cf61eef20 Exception <a 'java/lang/NoSuchMethodError'{0x00000000ca63b780}: 'java.lang.Object java.lang.invoke.DirectMethodHandle$Holder.invokeStatic(java.lang.Object, java.lang.Object, long, java.lang.Object)'> (0x00000000ca63b780) 
thrown [t:\workspace\open\src\hotspot\share\interpreter\linkResolver.cpp, line 766]
Event: 4.011 Thread 0x0000013cf61eef20 Exception <a 'java/lang/NoSuchMethodError'{0x00000000ca63f218}: 'java.lang.Object java.lang.invoke.DirectMethodHandle$Holder.invokeStaticInit(java.lang.Object, java.lang.Object, long, java.lang.Object)'> (0x00000000ca63f218) 
thrown [t:\workspace\open\src\hotspot\share\interpreter\linkResolver.cpp, line 766]
Event: 4.013 Thread 0x0000013cf61eef20 Exception <a 'java/lang/NoSuchMethodError'{0x00000000ca648b08}: 'java.lang.Object java.lang.invoke.DirectMethodHandle$Holder.newInvokeSpecial(java.lang.Object, java.lang.Object, long)'> (0x00000000ca648b08) 
thrown [t:\workspace\open\src\hotspot\share\interpreter\linkResolver.cpp, line 766]
Event: 4.014 Thread 0x0000013cf61eef20 Exception <a 'java/lang/NoSuchMethodError'{0x00000000ca64c678}: 'java.lang.Object java.lang.invoke.Invokers$Holder.linkToTargetMethod(java.lang.Object, long, java.lang.Object)'> (0x00000000ca64c678) 
thrown [t:\workspace\open\src\hotspot\share\interpreter\linkResolver.cpp, line 766]
Event: 4.054 Thread 0x0000013cf61eef20 Exception <a 'java/lang/NoSuchMethodError'{0x00000000ca69b4a0}: 'void java.lang.invoke.DirectMethodHandle$Holder.invokeSpecial(java.lang.Object, java.lang.Object, java.lang.Object, java.lang.Object, java.lang.Object)'> (0x00000000ca69b4a0) 
thrown [t:\workspace\open\src\hotspot\share\interpreter\linkResolver.cpp, line 766]
Event: 4.055 Thread 0x0000013cf61eef20 Exception <a 'java/lang/NoSuchMethodError'{0x00000000ca6a3ab8}: 'void java.lang.invoke.DirectMethodHandle$Holder.invokeVirtual(java.lang.Object, java.lang.Object, java.lang.Object, java.lang.Object)'> (0x00000000ca6a3ab8) 
thrown [t:\workspace\open\src\hotspot\share\interpreter\linkResolver.cpp, line 766]
Event: 4.179 Thread 0x0000013cf61eef20 Exception <a 'java/lang/NoSuchMethodError'{0x00000000ca405c70}: 'void java.lang.invoke.DirectMethodHandle$Holder.invokeSpecial(java.lang.Object, java.lang.Object, java.lang.Object)'> (0x00000000ca405c70) 
thrown [t:\workspace\open\src\hotspot\share\interpreter\linkResolver.cpp, line 766]
Event: 4.190 Thread 0x0000013cf61eef20 Exception <a 'java/lang/IncompatibleClassChangeError'{0x00000000ca434cf8}: Found class java.lang.Object, but interface was expected> (0x00000000ca434cf8) 
thrown [t:\workspace\open\src\hotspot\share\interpreter\linkResolver.cpp, line 833]
Event: 4.191 Thread 0x0000013c931c7830 Exception <a 'java/lang/NoClassDefFoundError'{0x00000000ca4859d8}: jakarta/validation/Validation> (0x00000000ca4859d8) 
thrown [t:\workspace\open\src\hotspot\share\classfile\systemDictionary.cpp, line 245]
Event: 4.502 Thread 0x0000013cf61eef20 Exception <a 'java/lang/NoSuchMethodError'{0x00000000c9b74cb0}: 'java.lang.Object java.lang.invoke.DirectMethodHandle$Holder.invokeStatic(java.lang.Object, int, java.lang.Object)'> (0x00000000c9b74cb0) 
thrown [t:\workspace\open\src\hotspot\share\interpreter\linkResolver.cpp, line 766]
Event: 4.999 Thread 0x0000013cf61eef20 Exception <a 'sun/nio/fs/WindowsException'{0x00000000ca235a70}> (0x00000000ca235a70) 
thrown [t:\workspace\open\src\hotspot\share\prims\jni.cpp, line 516]
Event: 5.004 Thread 0x0000013cf61eef20 Exception <a 'java/lang/NoSuchMethodError'{0x00000000ca2372f8}: 'int java.lang.invoke.DirectMethodHandle$Holder.invokeSpecial(java.lang.Object, java.lang.Object, java.lang.Object, java.lang.Object, java.lang.Object)'> (0x00000000ca2372f8) 
thrown [t:\workspace\open\src\hotspot\share\interpreter\linkResolver.cpp, line 766]
Event: 5.011 Thread 0x0000013cf61eef20 Exception <a 'java/lang/NoSuchMethodError'{0x00000000ca23ffd8}: 'void java.lang.invoke.DirectMethodHandle$Holder.invokeVirtual(java.lang.Object, java.lang.Object)'> (0x00000000ca23ffd8) 
thrown [t:\workspace\open\src\hotspot\share\interpreter\linkResolver.cpp, line 766]
Event: 5.080 Thread 0x0000013c931c7830 Exception <a 'java/lang/NoSuchMethodError'{0x00000000ca0fa9c0}: 'long java.lang.invoke.DirectMethodHandle$Holder.invokeSpecial(java.lang.Object, java.lang.Object)'> (0x00000000ca0fa9c0) 
thrown [t:\workspace\open\src\hotspot\share\interpreter\linkResolver.cpp, line 766]
Event: 5.084 Thread 0x0000013c931c7830 Exception <a 'java/lang/NoSuchMethodError'{0x00000000c9f05cb0}: 'long java.lang.invoke.DirectMethodHandle$Holder.invokeStatic(java.lang.Object, java.lang.Object)'> (0x00000000c9f05cb0) 
thrown [t:\workspace\open\src\hotspot\share\interpreter\linkResolver.cpp, line 766]
Event: 5.086 Thread 0x0000013c931c7830 Exception <a 'java/lang/NoSuchMethodError'{0x00000000c9f092b0}: 'long java.lang.invoke.DirectMethodHandle$Holder.invokeStaticInit(java.lang.Object, java.lang.Object)'> (0x00000000c9f092b0) 
thrown [t:\workspace\open\src\hotspot\share\interpreter\linkResolver.cpp, line 766]
Event: 5.094 Thread 0x0000013c931c7830 Exception <a 'java/lang/NoSuchMethodError'{0x00000000c9f16e58}: 'long java.lang.invoke.DirectMethodHandle$Holder.invokeInterface(java.lang.Object, java.lang.Object)'> (0x00000000c9f16e58) 
thrown [t:\workspace\open\src\hotspot\share\interpreter\linkResolver.cpp, line 766]
Event: 5.095 Thread 0x0000013c931c7830 Exception <a 'java/lang/IncompatibleClassChangeError'{0x00000000c9f1a3e8}: Found class java.lang.Object, but interface was expected> (0x00000000c9f1a3e8) 
thrown [t:\workspace\open\src\hotspot\share\interpreter\linkResolver.cpp, line 833]
Event: 5.127 Thread 0x0000013c931c7830 Exception <a 'java/lang/NoSuchMethodError'{0x00000000c9e0ad18}: 'java.lang.Object java.lang.invoke.DirectMethodHandle$Holder.invokeVirtual(java.lang.Object, java.lang.Object, java.lang.Object, java.lang.Object)'> (0x00000000c9e0ad18) 
thrown [t:\workspace\open\src\hotspot\share\interpreter\linkResolver.cpp, line 766]
Event: 5.538 Thread 0x0000013cf61eef20 Exception <a 'java/lang/IncompatibleClassChangeError'{0x00000000c966b830}: Found class java.lang.Object, but interface was expected> (0x00000000c966b830) 
thrown [t:\workspace\open\src\hotspot\share\interpreter\linkResolver.cpp, line 833]

VM Operations (20 events):
Event: 4.163 Executing VM operation: HandshakeAllThreads
Event: 4.163 Executing VM operation: HandshakeAllThreads done
Event: 4.173 Executing VM operation: HandshakeAllThreads
Event: 4.173 Executing VM operation: HandshakeAllThreads done
Event: 4.578 Executing VM operation: HandshakeAllThreads
Event: 4.583 Executing VM operation: HandshakeAllThreads done
Event: 4.583 Executing VM operation: Cleanup
Event: 4.584 Executing VM operation: Cleanup done
Event: 4.679 Executing VM operation: G1CollectForAllocation
Event: 4.689 Executing VM operation: G1CollectForAllocation done
Event: 4.944 Executing VM operation: HandshakeAllThreads
Event: 4.944 Executing VM operation: HandshakeAllThreads done
Event: 5.239 Executing VM operation: HandshakeAllThreads
Event: 5.240 Executing VM operation: HandshakeAllThreads done
Event: 5.322 Executing VM operation: HandshakeAllThreads
Event: 5.322 Executing VM operation: HandshakeAllThreads done
Event: 5.681 Executing VM operation: G1CollectForAllocation
Event: 5.694 Executing VM operation: G1CollectForAllocation done
Event: 6.679 Executing VM operation: ICBufferFull
Event: 6.679 Executing VM operation: ICBufferFull done

Events (20 events):
Event: 5.376 loading class sun/security/provider/certpath/ldap/JdkLDAP
Event: 5.377 loading class javax/naming/directory/DirContext done
Event: 5.377 loading class javax/naming/ldap/LdapContext done
Event: 5.377 loading class sun/security/provider/certpath/ldap/JdkLDAP done
Event: 5.384 loading class sun/security/provider/certpath/ldap/JdkLDAP$ProviderService
Event: 5.384 loading class sun/security/provider/certpath/ldap/JdkLDAP$ProviderService done
Event: 5.386 loading class com/sun/security/sasl/Provider
Event: 5.386 loading class com/sun/security/sasl/Provider done
Event: 5.387 loading class com/sun/security/sasl/Provider$1
Event: 5.387 loading class com/sun/security/sasl/Provider$1 done
Event: 5.387 loading class com/sun/security/sasl/Provider$ProviderService
Event: 5.387 loading class com/sun/security/sasl/Provider$ProviderService done
Event: 5.397 Thread 0x0000013c931c7830 Thread exited: 0x0000013c931c7830
Event: 5.441 Thread 0x0000013c934fb8f0 Thread exited: 0x0000013c934fb8f0
Event: 6.218 loading class java/beans/PropertyVetoException
Event: 6.218 loading class java/beans/PropertyVetoException done
Event: 7.156 loading class java/lang/UnsupportedClassVersionError
Event: 7.156 loading class java/lang/ClassFormatError
Event: 7.157 loading class java/lang/ClassFormatError done
Event: 7.157 loading class java/lang/UnsupportedClassVersionError done


Dynamic libraries:
0x00007ff7469e0000 - 0x00007ff7469f0000 	C:\Program Files\Java\jdk-17.0.3.1\bin\java.exe
0x00007ffc0e3f0000 - 0x00007ffc0e5e8000 	C:\Windows\SYSTEM32\ntdll.dll
0x00007ffc0df90000 - 0x00007ffc0e04d000 	C:\Windows\System32\KERNEL32.DLL
0x00007ffc0be40000 - 0x00007ffc0c136000 	C:\Windows\System32\KERNELBASE.dll
0x00007ffc0baa0000 - 0x00007ffc0bba0000 	C:\Windows\System32\ucrtbase.dll
0x00007ffc06aa0000 - 0x00007ffc06aba000 	C:\Program Files\Java\jdk-17.0.3.1\bin\VCRUNTIME140.dll
0x00007ffc05ef0000 - 0x00007ffc05f08000 	C:\Program Files\Java\jdk-17.0.3.1\bin\jli.dll
0x00007ffc0cbc0000 - 0x00007ffc0cc70000 	C:\Windows\System32\ADVAPI32.dll
0x00007ffc0d0d0000 - 0x00007ffc0d16e000 	C:\Windows\System32\msvcrt.dll
0x00007ffc0ce20000 - 0x00007ffc0cec0000 	C:\Windows\System32\sechost.dll
0x00007ffc0c540000 - 0x00007ffc0c663000 	C:\Windows\System32\RPCRT4.dll
0x00007ffc0c290000 - 0x00007ffc0c2b7000 	C:\Windows\System32\bcrypt.dll
0x00007ffc0cc80000 - 0x00007ffc0ce1f000 	C:\Windows\System32\USER32.dll
0x00007ffbe1d90000 - 0x00007ffbe202a000 	C:\Windows\WinSxS\amd64_microsoft.windows.common-controls_6595b64144ccf1df_6.0.19041.3636_none_60b6a03d71f818d5\COMCTL32.dll
0x00007ffc0c140000 - 0x00007ffc0c162000 	C:\Windows\System32\win32u.dll
0x00007ffc0e190000 - 0x00007ffc0e1bb000 	C:\Windows\System32\GDI32.dll
0x00007ffc0c170000 - 0x00007ffc0c287000 	C:\Windows\System32\gdi32full.dll
0x00007ffc0bc50000 - 0x00007ffc0bced000 	C:\Windows\System32\msvcp_win.dll
0x00007ffc00990000 - 0x00007ffc0099a000 	C:\Windows\SYSTEM32\VERSION.dll
0x00007ffc0dbf0000 - 0x00007ffc0dc22000 	C:\Windows\System32\IMM32.DLL
0x00007ffc068a0000 - 0x00007ffc068ac000 	C:\Program Files\Java\jdk-17.0.3.1\bin\vcruntime140_1.dll
0x00007ffbc24b0000 - 0x00007ffbc253d000 	C:\Program Files\Java\jdk-17.0.3.1\bin\msvcp140.dll
0x00007ffbbd3f0000 - 0x00007ffbbdfb0000 	C:\Program Files\Java\jdk-17.0.3.1\bin\server\jvm.dll
0x00007ffc0d0c0000 - 0x00007ffc0d0c8000 	C:\Windows\System32\PSAPI.DLL
0x00007ffbfdb60000 - 0x00007ffbfdb87000 	C:\Windows\SYSTEM32\WINMM.dll
0x00007ffbe7b40000 - 0x00007ffbe7b49000 	C:\Windows\SYSTEM32\WSOCK32.dll
0x00007ffc0e1c0000 - 0x00007ffc0e22b000 	C:\Windows\System32\WS2_32.dll
0x00007ffc098f0000 - 0x00007ffc09902000 	C:\Windows\SYSTEM32\kernel.appcore.dll
0x00007ffc05b20000 - 0x00007ffc05b2a000 	C:\Program Files\Java\jdk-17.0.3.1\bin\jimage.dll
0x00007ffc01640000 - 0x00007ffc01824000 	C:\Windows\SYSTEM32\DBGHELP.DLL
0x00007ffc014b0000 - 0x00007ffc014e4000 	C:\Windows\SYSTEM32\dbgcore.DLL
0x00007ffc0bd40000 - 0x00007ffc0bdc2000 	C:\Windows\System32\bcryptPrimitives.dll
0x00007ffc01220000 - 0x00007ffc0122e000 	C:\Program Files\Java\jdk-17.0.3.1\bin\instrument.dll
0x00007ffc01190000 - 0x00007ffc011b5000 	C:\Program Files\Java\jdk-17.0.3.1\bin\java.dll
0x00007ffbc2080000 - 0x00007ffbc2156000 	C:\Program Files\Java\jdk-17.0.3.1\bin\jsvml.dll
0x00007ffc0d400000 - 0x00007ffc0db6b000 	C:\Windows\System32\SHELL32.dll
0x00007ffc09af0000 - 0x00007ffc0a28e000 	C:\Windows\SYSTEM32\windows.storage.dll
0x00007ffc0dc30000 - 0x00007ffc0df83000 	C:\Windows\System32\combase.dll
0x00007ffc0b320000 - 0x00007ffc0b34e000 	C:\Windows\SYSTEM32\Wldp.dll
0x00007ffc0e2e0000 - 0x00007ffc0e3ad000 	C:\Windows\System32\OLEAUT32.dll
0x00007ffc0e050000 - 0x00007ffc0e0fd000 	C:\Windows\System32\SHCORE.dll
0x00007ffc0cec0000 - 0x00007ffc0cf15000 	C:\Windows\System32\shlwapi.dll
0x00007ffc0b9d0000 - 0x00007ffc0b9f3000 	C:\Windows\SYSTEM32\profapi.dll
0x00007ffc01230000 - 0x00007ffc01248000 	C:\Program Files\Java\jdk-17.0.3.1\bin\zip.dll
0x00007ffc02cf0000 - 0x00007ffc02d09000 	C:\Program Files\Java\jdk-17.0.3.1\bin\net.dll
0x00007ffc047b0000 - 0x00007ffc048ba000 	C:\Windows\SYSTEM32\WINHTTP.dll
0x00007ffc0b100000 - 0x00007ffc0b16a000 	C:\Windows\system32\mswsock.dll
0x00007ffc01e20000 - 0x00007ffc01e36000 	C:\Program Files\Java\jdk-17.0.3.1\bin\nio.dll
0x00007ffbc8790000 - 0x00007ffbc87aa000 	C:\Program Files\JetBrains\IntelliJ IDEA Community Edition 2022.1.3\bin\breakgen64.dll
0x00007ffbc87c0000 - 0x00007ffbc87ce000 	C:\Program Files\Java\jdk-17.0.3.1\bin\sunmscapi.dll
0x00007ffc0c2c0000 - 0x00007ffc0c41e000 	C:\Windows\System32\CRYPT32.dll
0x00007ffc0b470000 - 0x00007ffc0b498000 	C:\Windows\SYSTEM32\ncrypt.dll
0x00007ffc0b430000 - 0x00007ffc0b46b000 	C:\Windows\SYSTEM32\NTASN1.dll

dbghelp: loaded successfully - version: 4.0.5 - missing functions: none
symbol engine: initialized successfully - sym options: 0x614 - pdb path: .;C:\Program Files\Java\jdk-17.0.3.1\bin;C:\Windows\SYSTEM32;C:\Windows\WinSxS\amd64_microsoft.windows.common-controls_6595b64144ccf1df_6.0.19041.3636_none_60b6a03d71f818d5;C:\Program Files\Java\jdk-17.0.3.1\bin\server;C:\Program Files\JetBrains\IntelliJ IDEA Community Edition 2022.1.3\bin

VM Arguments:
jvm_args: -javaagent:C:\Program Files\JetBrains\IntelliJ IDEA Community Edition 2022.1.3\lib\idea_rt.jar=53003:C:\Program Files\JetBrains\IntelliJ IDEA Community Edition 2022.1.3\bin -Dfile.encoding=UTF-8 
java_command: iis.iis.IisApplication
java_class_path (initial): C:\Users\Lenovo\Documents\GitHub\IISPROJEKAT\iis\target\classes;C:\Users\Lenovo\.m2\repository\org\springframework\boot\spring-boot-starter-data-jpa\3.2.4\spring-boot-starter-data-jpa-3.2.4.jar;C:\Users\Lenovo\.m2\repository\org\springframework\boot\spring-boot-starter-aop\3.2.4\spring-boot-starter-aop-3.2.4.jar;C:\Users\Lenovo\.m2\repository\org\springframework\spring-aop\6.1.5\spring-aop-6.1.5.jar;C:\Users\Lenovo\.m2\repository\org\aspectj\aspectjweaver\1.9.21\aspectjweaver-1.9.21.jar;C:\Users\Lenovo\.m2\repository\org\springframework\boot\spring-boot-starter-jdbc\3.2.4\spring-boot-starter-jdbc-3.2.4.jar;C:\Users\Lenovo\.m2\repository\com\zaxxer\HikariCP\5.0.1\HikariCP-5.0.1.jar;C:\Users\Lenovo\.m2\repository\org\springframework\spring-jdbc\6.1.5\spring-jdbc-6.1.5.jar;C:\Users\Lenovo\.m2\repository\org\hibernate\orm\hibernate-core\6.4.4.Final\hibernate-core-6.4.4.Final.jar;C:\Users\Lenovo\.m2\repository\jakarta\persistence\jakarta.persistence-api\3.1.0\jakarta.persistence-api-3.1.0.jar;C:\Users\Lenovo\.m2\repository\jakarta\transaction\jakarta.transaction-api\2.0.1\jakarta.transaction-api-2.0.1.jar;C:\Users\Lenovo\.m2\repository\org\jboss\logging\jboss-logging\3.5.3.Final\jboss-logging-3.5.3.Final.jar;C:\Users\Lenovo\.m2\repository\org\hibernate\common\hibernate-commons-annotations\6.0.6.Final\hibernate-commons-annotations-6.0.6.Final.jar;C:\Users\Lenovo\.m2\repository\io\smallrye\jandex\3.1.2\jandex-3.1.2.jar;C:\Users\Lenovo\.m2\repository\com\fasterxml\classmate\1.6.0\classmate-1.6.0.jar;C:\Users\Lenovo\.m2\repository\net\bytebuddy\byte-buddy\1.14.12\byte-buddy-1.14.12.jar;C:\Users\Lenovo\.m2\repository\org\glassfish\jaxb\jaxb-runtime\4.0.5\jaxb-runtime-4.0.5.jar;C:\Users\Lenovo\.m2\repository\org\glassfish\jaxb\jaxb-core\4.0.5\jaxb-core-4.0.5.jar;C:\Users\Lenovo\.m2\repository\org\eclipse\angus\angus-activation\2.0.2\angus-activation-2.0.2.jar;C:\Users\Lenovo\.m2\repository\org\glassfish\jaxb\txw2\4.0.5\txw2-4.0.5.jar;C:\Users\Lenov
Launcher Type: SUN_STANDARD

[Global flags]
     intx CICompilerCount                          = 4                                         {product} {ergonomic}
     uint ConcGCThreads                            = 2                                         {product} {ergonomic}
     uint G1ConcRefinementThreads                  = 8                                         {product} {ergonomic}
   size_t G1HeapRegionSize                         = 1048576                                   {product} {ergonomic}
    uintx GCDrainStackTargetSize                   = 64                                        {product} {ergonomic}
   size_t InitialHeapSize                          = 60817408                                  {product} {ergonomic}
   size_t MarkStackSize                            = 4194304                                   {product} {ergonomic}
   size_t MaxHeapSize                              = 954204160                                 {product} {ergonomic}
   size_t MaxNewSize                               = 572522496                                 {product} {ergonomic}
   size_t MinHeapDeltaBytes                        = 1048576                                   {product} {ergonomic}
   size_t MinHeapSize                              = 8388608                                   {product} {ergonomic}
    uintx NonNMethodCodeHeapSize                   = 5839372                                {pd product} {ergonomic}
    uintx NonProfiledCodeHeapSize                  = 122909434                              {pd product} {ergonomic}
    uintx ProfiledCodeHeapSize                     = 122909434                              {pd product} {ergonomic}
    uintx ReservedCodeCacheSize                    = 251658240                              {pd product} {ergonomic}
     bool SegmentedCodeCache                       = true                                      {product} {ergonomic}
   size_t SoftMaxHeapSize                          = 954204160                              {manageable} {ergonomic}
     bool UseCompressedClassPointers               = true                           {product lp64_product} {ergonomic}
     bool UseCompressedOops                        = true                           {product lp64_product} {ergonomic}
     bool UseG1GC                                  = true                                      {product} {ergonomic}
     bool UseLargePagesIndividualAllocation        = false                                  {pd product} {ergonomic}

Logging:
Log output configuration:
 #0: stdout all=warning uptime,level,tags
 #1: stderr all=off uptime,level,tags

Environment Variables:
PATH=C:\app\Lenovo\product\21c\dbhomeXE\bin;C:\oraclexe\app\oracle\product\11.2.0\server\bin;C:\Program Files\Common Files\Oracle\Java\javapath;C:\Program Files (x86)\Common Files\Oracle\Java\javapath;C:\Windows\system32;C:\Windows;C:\Windows\System32\Wbem;C:\Windows\System32\WindowsPowerShell\v1.0\;C:\Windows\System32\OpenSSH\;C:\Program Files\dotnet\;C:\Program Files (x86)\Microsoft SQL Server\160\Tools\Binn\;C:\Program Files\Microsoft SQL Server\160\Tools\Binn\;C:\Program Files\Microsoft SQL Server\Client SDK\ODBC\170\Tools\Binn\;C:\Program Files\Microsoft SQL Server\160\DTS\Binn\;C:\Program Files (x86)\Microsoft SQL Server\160\DTS\Binn\;C:\Program Files\Azure Data Studio\bin;C:\Program Files\Microsoft SQL Server\150\Tools\Binn\;C:\Program Files\nodejs\;C:\ProgramData\chocolatey\bin;C:\Program Files\Git\cmd;C:\Program Files (x86)\GnuWin32\bin;C:\Program Files\Go\bin;C:\Program Files\Docker\Docker\resources\bin;C:\Program Files\MySQL\MySQL Shell 8.0\bin\;C:\Users\Lenovo\scoop\shims;C:\Users\Lenovo\AppData\Local\Microsoft\WindowsApps;C:\Users\Lenovo\AppData\Local\Programs\Microsoft VS Code\bin;C:\Users\Lenovo\AppData\Local\GitHubDesktop\bin;C:\intelFPGA_lite\18.0\modelsim_ase\win32aloem;C:\Users\Lenovo\.dotnet\tools;C:\Program Files\Azure Data Studio\bin;C:\Users\Lenovo\AppData\Roaming\npm;C:\msys64\mingw64\bin;C:\Users\Lenovo\go\bin
USERNAME=Lenovo
OS=Windows_NT
PROCESSOR_IDENTIFIER=AMD64 Family 23 Model 17 Stepping 0, AuthenticAMD



---------------  S Y S T E M  ---------------

OS:
 Windows 10 , 64 bit Build 19041 (10.0.19041.3636)
OS uptime: 1 days 3:24 hours
Hyper-V role detected

CPU: total 8 (initial active 8) (8 cores per cpu, 2 threads per core) family 23 model 17 stepping 0 microcode 0x0, cx8, cmov, fxsr, ht, mmx, 3dnowpref, sse, sse2, sse3, ssse3, sse4a, sse4.1, sse4.2, popcnt, lzcnt, tsc, tscinvbit, avx, avx2, aes, clmul, bmi1, bmi2, adx, sha, fma, vzeroupper, clflush, clflushopt, hv

Memory: 4k page, system-wide physical 3638M (199M free)
TotalPageFile size 14902M (AvailPageFile size 5M)
current process WorkingSet (physical memory assigned to process): 122M, peak: 122M
current process commit charge ("private bytes"): 188M, peak: 190M

vm_info: Java HotSpot(TM) 64-Bit Server VM (17.0.3.1+2-LTS-6) for windows-amd64 JRE (17.0.3.1+2-LTS-6), built on Apr 25 2022 22:04:21 by "mach5one" with MS VC++ 16.8 / 16.9 (VS2019)

END.
